Log file open, 12/02/18 22:55:21
LogWindows: Failed to load 'aqProf.dll' (GetLastError=126)
LogWindows: File 'aqProf.dll' does not exist
LogWindows: Failed to load 'VtuneApi.dll' (GetLastError=126)
LogWindows: File 'VtuneApi.dll' does not exist
LogWindows: Failed to load 'VtuneApi32e.dll' (GetLastError=126)
LogWindows: File 'VtuneApi32e.dll' does not exist
LogInit: Display: Running engine for game: SinglePlayerFPS
LogPlatformFile: Not using cached read wrapper
LogTaskGraph: Started task graph with 5 named threads and 14 total threads with 3 sets of task threads.
LogStats: Stats thread started at 6.234908
LogD3D11RHI: Loaded GFSDK_Aftermath_Lib.x64.dll
LogICUInternationalization: Display: ICU TimeZone Detection - Raw Offset: +9:00, Platform Override: ''
LogPluginManager: Mounting plugin Paper2D
LogPluginManager: Mounting plugin AISupport
LogPluginManager: Mounting plugin LightPropagationVolume
LogPluginManager: Mounting plugin CLionSourceCodeAccess
LogPluginManager: Mounting plugin CodeLiteSourceCodeAccess
LogPluginManager: Mounting plugin GitSourceControl
LogPluginManager: Mounting plugin KDevelopSourceCodeAccess
LogPluginManager: Mounting plugin NullSourceCodeAccess
LogPluginManager: Mounting plugin PerforceSourceControl
LogPluginManager: Mounting plugin SubversionSourceControl
LogPluginManager: Mounting plugin UObjectPlugin
LogPluginManager: Mounting plugin VisualStudioCodeSourceCodeAccess
LogPluginManager: Mounting plugin VisualStudioSourceCodeAccess
LogPluginManager: Mounting plugin XCodeSourceCodeAccess
LogPluginManager: Mounting plugin AssetManagerEditor
LogPluginManager: Mounting plugin CryptoKeys
LogPluginManager: Mounting plugin DataValidation
LogPluginManager: Mounting plugin FacialAnimation
LogPluginManager: Mounting plugin GameplayTagsEditor
LogPluginManager: Mounting plugin MacGraphicsSwitching
LogPluginManager: Mounting plugin MeshEditor
LogPluginManager: Mounting plugin MobileLauncherProfileWizard
LogPluginManager: Mounting plugin PluginBrowser
LogPluginManager: Mounting plugin SpeedTreeImporter
LogPluginManager: Mounting plugin DatasmithContent
LogPluginManager: Mounting plugin AlembicImporter
LogPluginManager: Mounting plugin AppleImageUtils
LogPluginManager: Mounting plugin AppleVision
LogPluginManager: Mounting plugin BackChannel
LogPluginManager: Mounting plugin CharacterAI
LogPluginManager: Mounting plugin GeometryCache
LogPluginManager: Mounting plugin HTML5Networking
LogPluginManager: Mounting plugin ProxyLODPlugin
LogPluginManager: Mounting plugin MagicLeap
LogPluginManager: Mounting plugin MagicLeapEmulator
LogPluginManager: Mounting plugin MagicLeapMedia
LogPluginManager: Mounting plugin AndroidMedia
LogPluginManager: Mounting plugin AvfMedia
LogPluginManager: Mounting plugin ImgMedia
LogPluginManager: Mounting plugin LinearTimecode
LogPluginManager: Mounting plugin MediaCompositing
LogPluginManager: Mounting plugin MediaPlayerEditor
LogPluginManager: Mounting plugin WmfMedia
LogPluginManager: Mounting plugin TcpMessaging
LogPluginManager: Mounting plugin UdpMessaging
LogPluginManager: Mounting plugin ActorSequence
LogPluginManager: Mounting plugin LevelSequenceEditor
LogPluginManager: Mounting plugin MatineeToLevelSequence
LogPluginManager: Mounting plugin NetcodeUnitTest
LogPluginManager: Mounting plugin NUTUnrealEngine4
LogPluginManager: Mounting plugin OnlineSubsystemGooglePlay
LogPluginManager: Mounting plugin OnlineSubsystemIOS
LogPluginManager: Mounting plugin OnlineSubsystem
LogPluginManager: Mounting plugin OnlineSubsystemNull
LogPluginManager: Mounting plugin OnlineSubsystemUtils
LogPluginManager: Mounting plugin LauncherChunkInstaller
LogPluginManager: Mounting plugin AndroidDeviceProfileSelector
LogPluginManager: Mounting plugin AndroidMoviePlayer
LogPluginManager: Mounting plugin AndroidPermission
LogPluginManager: Mounting plugin ApexDestruction
LogPluginManager: Mounting plugin AppleMoviePlayer
LogPluginManager: Mounting plugin ArchVisCharacter
LogPluginManager: Mounting plugin AudioCapture
LogPluginManager: Mounting plugin CableComponent
LogPluginManager: Mounting plugin CustomMeshComponent
LogPluginManager: Mounting plugin EditableMesh
LogPluginManager: Mounting plugin ExampleDeviceProfileSelector
LogPluginManager: Mounting plugin GoogleCloudMessaging
LogPluginManager: Mounting plugin ImmediatePhysics
LogPluginManager: Mounting plugin IOSDeviceProfileSelector
LogPluginManager: Mounting plugin LinuxDeviceProfileSelector
LogPluginManager: Mounting plugin LocationServicesBPLibrary
LogPluginManager: Mounting plugin MobilePatchingUtils
LogPluginManager: Mounting plugin OculusVR
LogPluginManager: Plugin shader directory ../../../Engine/Plugins/Runtime/Oculus/OculusVR/Shaders found
LogPluginManager: Mapping shader source directory ../../../Engine/Plugins/Runtime/Oculus/OculusVR/Shaders to virtual directory /Plugin/OculusVR
LogPluginManager: Mounting plugin PhysXVehicles
LogPluginManager: Mounting plugin ProceduralMeshComponent
LogPluginManager: Mounting plugin RuntimePhysXCooking
LogPluginManager: Mounting plugin WindowsMoviePlayer
LogStreaming: Display: Took  0.605s to configure plugins.
LogInit: Using libcurl 7.55.1-DEV
LogInit:  - built for x86_64-pc-win32
LogInit:  - supports SSL with OpenSSL/1.0.2h
LogInit:  - supports HTTP deflate (compression) using libz 1.2.8
LogInit:  - other features:
LogInit:      CURL_VERSION_SSL
LogInit:      CURL_VERSION_LIBZ
LogInit:      CURL_VERSION_IPV6
LogInit:      CURL_VERSION_ASYNCHDNS
LogInit:      CURL_VERSION_LARGEFILE
LogInit:      CURL_VERSION_IDN
LogInit:  CurlRequestOptions (configurable via config and command line):
LogInit:  - bVerifyPeer = false  - Libcurl will NOT verify peer certificate
LogInit:  - bUseHttpProxy = false  - Libcurl will NOT use HTTP proxy
LogInit:  - bDontReuseConnections = false  - Libcurl will reuse connections
LogInit:  - CertBundlePath = nullptr  - Libcurl will use whatever was configured at build time.
LogInit:  - MaxHostConnections = 16  - Libcurl will limit the number of connections to a host
LogInit:  - LocalHostAddr = Default
LogInit:  - BufferSize = 65536
LogInit: WinSock: version 1.1 (2.2), MaxSocks=32767, MaxUdp=65467
LogInit: Build: ++UE4+Release-4.20-CL-4369336
LogInit: Engine Version: 4.20.3-4369336+++UE4+Release-4.20
LogInit: Compatible Engine Version: 4.20.0-4212847+++UE4+Release-4.20
LogInit: Net CL: 4212847
LogInit: OS: Windows 10 (), CPU: Intel(R) Core(TM) i5-4590S CPU @ 3.00GHz, GPU: NVIDIA GeForce GTX 760
LogInit: Compiled (64-bit): Sep 17 2018 12:26:19
LogInit: Compiled with Visual C++: 19.13.26129.00
LogInit: Build Configuration: Development
LogInit: Branch Name: ++UE4+Release-4.20
LogInit: Command Line:  
LogInit: Base Directory: C:/Program Files/Epic Games/UE_4.20/Engine/Binaries/Win64/
LogInit: Installed Engine Build: 1
LogDevObjectVersion: Number of dev versions registered: 20
LogDevObjectVersion:   Dev-Blueprints (B0D832E4-1F89-4F0D-ACCF-7EB736FD4AA2): 10
LogDevObjectVersion:   Dev-Build (E1C64328-A22C-4D53-A36C-8E866417BD8C): 0
LogDevObjectVersion:   Dev-Core (375EC13C-06E4-48FB-B500-84F0262A717E): 2
LogDevObjectVersion:   Dev-Editor (E4B068ED-F494-42E9-A231-DA0B2E46BB41): 24
LogDevObjectVersion:   Dev-Framework (CFFC743F-43B0-4480-9391-14DF171D2073): 34
LogDevObjectVersion:   Dev-Mobile (B02B49B5-BB20-44E9-A304-32B752E40360): 2
LogDevObjectVersion:   Dev-Networking (A4E4105C-59A1-49B5-A7C5-40C4547EDFEE): 0
LogDevObjectVersion:   Dev-Online (39C831C9-5AE6-47DC-9A44-9C173E1C8E7C): 0
LogDevObjectVersion:   Dev-Physics (78F01B33-EBEA-4F98-B9B4-84EACCB95AA2): 0
LogDevObjectVersion:   Dev-Platform (6631380F-2D4D-43E0-8009-CF276956A95A): 0
LogDevObjectVersion:   Dev-Rendering (12F88B9F-8875-4AFC-A67C-D90C383ABD29): 26
LogDevObjectVersion:   Dev-Sequencer (7B5AE74C-D270-4C10-A958-57980B212A5A): 9
LogDevObjectVersion:   Dev-VR (D7296918-1DD6-4BDD-9DE2-64A83CC13884): 2
LogDevObjectVersion:   Dev-LoadTimes (C2A15278-BFE7-4AFE-6C17-90FF531DF755): 1
LogDevObjectVersion:   Private-Geometry (6EACA3D4-40EC-4CC1-B786-8BED09428FC5): 3
LogDevObjectVersion:   Dev-AnimPhys (29E575DD-E0A3-4627-9D10-D276232CDCEA): 17
LogDevObjectVersion:   Dev-ReflectionCapture (6B266CEC-1EC7-4B8F-A30B-E4D90942FC07): 1
LogDevObjectVersion:   Dev-Automation (0DF73D61-A23F-47EA-B727-89E90C41499A): 1
LogDevObjectVersion:   FortniteMain (601D1886-AC64-4F84-AA16-D3DE0DEAC7D6): 12
LogDevObjectVersion:   Dev-Enterprise (9DFFBCD6-494F-0158-E221-12823C92A888): 1
LogStreaming: Display: Took  0.107s to delete old logs.
LogInit: Presizing for max 8388607 objects, including 0 objects not considered by GC, pre-allocating 0 bytes for permanent pool.
LogInit: Object subsystem initialized
[2018.12.02-13.55.24:967][  0]LogInit: Selected Device Profile: [Windows]
[2018.12.02-13.55.24:967][  0]LogInit: Applying CVar settings loaded from the selected device profile: [Windows]
[2018.12.02-13.55.25:053][  0]LogHAL: Display: Platform has ~ 8 GB [8536846336 / 8589934592 / 8], which maps to Default [LargestMinGB=32, LargerMinGB=12, DefaultMinGB=8, SmallerMinGB=6, SmallestMinGB=0)
[2018.12.02-13.55.25:053][  0]LogInit: Setting Device Profile CVar: [[r.Vulkan.UseRealUBs:1]]
[2018.12.02-13.55.25:053][  0]LogInit: Going up to parent DeviceProfile []
[2018.12.02-13.55.25:154][  0]LogInit: Computer: KAI-PC
[2018.12.02-13.55.25:154][  0]LogInit: User: kai
[2018.12.02-13.55.25:154][  0]LogInit: CPU Page size=4096, Cores=4
[2018.12.02-13.55.25:154][  0]LogInit: High frequency timer resolution =2.929699 MHz
[2018.12.02-13.55.25:154][  0]LogMemory: Memory total: Physical=8.0GB (8GB approx)
[2018.12.02-13.55.25:154][  0]LogMemory: Platform Memory Stats for Windows
[2018.12.02-13.55.25:154][  0]LogMemory: Process Physical Memory: 100.88 MB used, 100.88 MB peak
[2018.12.02-13.55.25:154][  0]LogMemory: Process Virtual Memory: 84.26 MB used, 84.26 MB peak
[2018.12.02-13.55.25:154][  0]LogMemory: Physical Memory: 3796.42 MB used,  4344.95 MB free, 8141.37 MB total
[2018.12.02-13.55.25:154][  0]LogMemory: Virtual Memory: 4624.09 MB used,  4344.95 MB free, 134217728.00 MB total
[2018.12.02-13.55.25:884][  0]LogInit: Overriding language with editor language configuration option (en-US).
[2018.12.02-13.55.25:884][  0]LogInit: Overriding locale with editor locale configuration option (en-US).
[2018.12.02-13.55.25:939][  0]LogTextLocalizationManager: No specific localization for 'en-US' exists, so the 'en' localization will be used.
[2018.12.02-13.55.26:836][  0]LogStreaming: Display: Took  0.980s to InitEngineTextLocalization.
[2018.12.02-13.55.26:836][  0]LogInit: Setting process to per monitor DPI aware
[2018.12.02-13.55.27:507][  0]LogSlate: New Slate User Created.  User Index 0, Is Virtual User: 0
[2018.12.02-13.55.27:507][  0]LogSlate: Slate User Registered.  User Index 0, Is Virtual User: 0
[2018.12.02-13.55.30:675][  0]LogD3D11RHI: D3D11 adapters:
[2018.12.02-13.55.31:663][  0]LogD3D11RHI:    0. 'NVIDIA GeForce GTX 760' (Feature Level 11_0)
[2018.12.02-13.55.31:663][  0]LogD3D11RHI:       2007/0/4070 MB DedicatedVideo/DedicatedSystem/SharedSystem, Outputs:2, VendorId:0x10de
[2018.12.02-13.55.31:740][  0]LogD3D11RHI:    1. 'Microsoft Basic Render Driver' (Feature Level 11_0)
[2018.12.02-13.55.31:740][  0]LogD3D11RHI:       0/0/4070 MB DedicatedVideo/DedicatedSystem/SharedSystem, Outputs:0, VendorId:0x1414
[2018.12.02-13.55.31:740][  0]LogD3D11RHI: Chosen D3D11 Adapter: 0
[2018.12.02-13.55.31:745][  0]LogD3D11RHI: Creating new Direct3DDevice
[2018.12.02-13.55.31:745][  0]LogD3D11RHI:     GPU DeviceId: 0x1187 (for the marketing name, search the web for "GPU Device Id")
[2018.12.02-13.55.31:750][  0]LogWindows: EnumDisplayDevices:
[2018.12.02-13.55.31:750][  0]LogWindows:    0. 'NVIDIA GeForce GTX 760' (P:0 D:1)
[2018.12.02-13.55.31:750][  0]LogWindows:    1. 'NVIDIA GeForce GTX 760' (P:1 D:1)
[2018.12.02-13.55.31:751][  0]LogWindows:    2. 'NVIDIA GeForce GTX 760' (P:0 D:0)
[2018.12.02-13.55.31:751][  0]LogWindows:    3. 'NVIDIA GeForce GTX 760' (P:0 D:0)
[2018.12.02-13.55.31:751][  0]LogWindows: DebugString: FoundDriverCount:4 
[2018.12.02-13.55.31:751][  0]LogD3D11RHI:     Adapter Name: NVIDIA GeForce GTX 760
[2018.12.02-13.55.31:751][  0]LogD3D11RHI:   Driver Version: 398.36 (internal:24.21.13.9836, unified:398.36)
[2018.12.02-13.55.31:751][  0]LogD3D11RHI:      Driver Date: 6-24-2018
[2018.12.02-13.55.31:751][  0]LogRHI: Texture pool is 1404 MB (70% of 2007 MB)
[2018.12.02-13.55.31:847][  0]LogD3D11RHI: Async texture creation enabled
[2018.12.02-13.55.32:097][  0]LogD3D11RHI: GPU Timing Frequency: 1000.000000 (Debug: 2 2)
[2018.12.02-13.55.32:389][  0]LogShaderCompilers: Guid format shader working directory is -25 characters bigger than the processId version (../../../../../../Users/kai/Documents/Unreal Projects/SinglePlayerFPS/Intermediate/Shaders/WorkingDirectory/5592/).
[2018.12.02-13.55.32:389][  0]LogShaderCompilers: Cleaned the shader compiler working directory 'C:/Users/kai/AppData/Local/Temp/UnrealShaderWorkingDir/847471AE40E2C83C9ED75D83131EEF36/'.
[2018.12.02-13.55.38:785][  0]LogTemp: Display: Loaded TP AllDesktopTargetPlatform
[2018.12.02-13.55.38:814][  0]LogTemp: Display: Loaded TP MacClientTargetPlatform
[2018.12.02-13.55.38:830][  0]LogTemp: Display: Loaded TP MacNoEditorTargetPlatform
[2018.12.02-13.55.38:846][  0]LogTemp: Display: Loaded TP MacServerTargetPlatform
[2018.12.02-13.55.38:912][  0]LogTemp: Display: Loaded TP MacTargetPlatform
[2018.12.02-13.55.38:956][  0]LogTemp: Display: Loaded TP WindowsClientTargetPlatform
[2018.12.02-13.55.38:999][  0]LogTemp: Display: Loaded TP WindowsNoEditorTargetPlatform
[2018.12.02-13.55.39:021][  0]LogTemp: Display: Loaded TP WindowsServerTargetPlatform
[2018.12.02-13.55.39:031][  0]LogTemp: Display: Loaded TP WindowsTargetPlatform
[2018.12.02-13.55.39:186][  0]LogTemp: Display: Loaded TP AndroidTargetPlatform
[2018.12.02-13.55.39:186][  0]LogTemp: Display: Loaded TP AndroidTargetPlatform
[2018.12.02-13.55.39:186][  0]LogTemp: Display: Loaded TP AndroidTargetPlatform
[2018.12.02-13.55.39:186][  0]LogTemp: Display: Loaded TP AndroidTargetPlatform
[2018.12.02-13.55.39:186][  0]LogTemp: Display: Loaded TP AndroidTargetPlatform
[2018.12.02-13.55.39:186][  0]LogTemp: Display: Loaded TP AndroidTargetPlatform
[2018.12.02-13.55.39:186][  0]LogTemp: Display: Loaded TP AndroidTargetPlatform
[2018.12.02-13.55.39:186][  0]LogTemp: Display: Loaded TP AndroidTargetPlatform
[2018.12.02-13.55.39:186][  0]LogTemp: Display: Loaded TP AndroidTargetPlatform
[2018.12.02-13.55.39:186][  0]LogTemp: Display: Loaded TP AndroidTargetPlatform
[2018.12.02-13.55.39:186][  0]LogTemp: Display: Loaded TP AndroidTargetPlatform
[2018.12.02-13.55.39:186][  0]LogTemp: Display: Loaded TP AndroidTargetPlatform
[2018.12.02-13.55.39:186][  0]LogTemp: Display: Loaded TP AndroidTargetPlatform
[2018.12.02-13.55.39:186][  0]LogTemp: Display: Loaded TP AndroidTargetPlatform
[2018.12.02-13.55.39:186][  0]LogTemp: Display: Loaded TP AndroidTargetPlatform
[2018.12.02-13.55.39:186][  0]LogTemp: Display: Loaded TP AndroidTargetPlatform
[2018.12.02-13.55.39:186][  0]LogTemp: Display: Loaded TP AndroidTargetPlatform
[2018.12.02-13.55.39:186][  0]LogTemp: Display: Loaded TP AndroidTargetPlatform
[2018.12.02-13.55.39:256][  0]LogTemp: Display: Loaded TP HTML5TargetPlatform
[2018.12.02-13.55.39:428][  0]LogTemp: Display: Loaded TP IOSTargetPlatform
[2018.12.02-13.55.39:428][  0]LogTemp: Display: Loaded TP IOSTargetPlatform
[2018.12.02-13.55.39:492][  0]LogTemp: Display: Loaded TP TVOSTargetPlatform
[2018.12.02-13.55.39:492][  0]LogTemp: Display: Loaded TP TVOSTargetPlatform
[2018.12.02-13.55.39:520][  0]LogTemp: Display: Loaded TP LinuxClientTargetPlatform
[2018.12.02-13.55.39:556][  0]LogTemp: Display: Loaded TP LinuxNoEditorTargetPlatform
[2018.12.02-13.55.39:571][  0]LogTemp: Display: Loaded TP LinuxServerTargetPlatform
[2018.12.02-13.55.39:601][  0]LogTemp: Display: Loaded TP LinuxTargetPlatform
[2018.12.02-13.55.39:665][  0]LogTemp: Display: Loaded TP LuminTargetPlatform
[2018.12.02-13.55.39:665][  0]LogTargetPlatformManager: Display: Building Assets For Windows
[2018.12.02-13.55.40:319][  0]LogXGEController: Cannot use XGE Controller as Incredibuild is not installed on this machine.
[2018.12.02-13.55.40:319][  0]LogShaderCompilers: Cannot use XGE Shader Compiler as Incredibuild is not installed on this machine.
[2018.12.02-13.55.40:319][  0]LogShaderCompilers: Display: Using Local Shader Compiler.
[2018.12.02-13.55.49:795][  0]LogDerivedDataCache: Display: Max Cache Size: 512 MB
[2018.12.02-13.55.57:110][  0]LogDerivedDataCache: Loaded boot cache 7.23s 71MB C:/Users/kai/AppData/Local/UnrealEngine/4.20/DerivedDataCache/Boot.ddc.
[2018.12.02-13.55.57:111][  0]LogDerivedDataCache: Display: Loaded Boot cache: C:/Users/kai/AppData/Local/UnrealEngine/4.20/DerivedDataCache/Boot.ddc
[2018.12.02-13.55.57:111][  0]LogDerivedDataCache: FDerivedDataBackendGraph:  Pak pak cache file ../../../../../../Users/kai/Documents/Unreal Projects/SinglePlayerFPS/DerivedDataCache/DDC.ddp not found, will not use a pak cache.
[2018.12.02-13.55.57:111][  0]LogDerivedDataCache: Unable to find inner node Pak for hierarchical cache Hierarchy.
[2018.12.02-13.55.57:111][  0]LogDerivedDataCache: FDerivedDataBackendGraph:  CompressedPak pak cache file ../../../../../../Users/kai/Documents/Unreal Projects/SinglePlayerFPS/DerivedDataCache/Compressed.ddp not found, will not use a pak cache.
[2018.12.02-13.55.57:111][  0]LogDerivedDataCache: Unable to find inner node CompressedPak for hierarchical cache Hierarchy.
[2018.12.02-13.55.57:179][  0]LogDerivedDataCache: Display: Pak cache opened for reading ../../../Engine/DerivedDataCache/Compressed.ddp.
[2018.12.02-13.55.57:191][  0]LogDerivedDataCache: Using Local data cache path C:/Users/kai/AppData/Local/UnrealEngine/Common/DerivedDataCache: Writable
[2018.12.02-13.55.57:191][  0]LogDerivedDataCache: Shared data cache path not found in *engine.ini, will not use an Shared cache.
[2018.12.02-13.55.57:191][  0]LogDerivedDataCache: Unable to find inner node Shared for hierarchical cache Hierarchy.
[2018.12.02-13.55.57:282][  0]LogMaterial: Verifying Global Shaders for PCD3D_SM5
[2018.12.02-13.55.57:325][  0]LogSlate: Using FreeType 2.6.0
[2018.12.02-13.55.57:519][  0]LogSlate: SlateFontServices - WITH_FREETYPE: 1, WITH_HARFBUZZ: 1
[2018.12.02-13.56.06:815][  0]LogAssetRegistry: FAssetRegistry took 0.0299 seconds to start up
[2018.12.02-13.56.11:777][  0]LogInit: Selected Device Profile: [Windows]
[2018.12.02-13.56.14:187][  0]LogSimplygon: Simplygon DLL not present - disabling.
[2018.12.02-13.56.14:908][  0]LogMeshReduction: Using SimplygonSwarm for distributed automatic mesh merging
[2018.12.02-13.56.14:908][  0]LogMeshReduction: Using ProxyLODMeshReduction for automatic mesh merging
[2018.12.02-13.56.14:919][  0]LogMeshReduction: Using QuadricMeshReduction for automatic static mesh reduction
[2018.12.02-13.56.14:919][  0]LogMeshReduction: No automatic skeletal mesh reduction module available
[2018.12.02-13.56.15:401][  0]LogNetVersion: SinglePlayerFPS 1.0.0, NetCL: 4212847, EngineNetVer: 5, GameNetVer: 0 (Checksum: 2568942666)
[2018.12.02-13.56.22:059][  0]LogPackageLocalizationCache: Processed 10 localized package path(s) for 2 prioritized culture(s) in 0.963647 seconds
[2018.12.02-13.56.22:134][  0]LogUObjectArray: 38200 objects as part of root set at end of initial load.
[2018.12.02-13.56.22:134][  0]LogUObjectAllocator: 6653376 out of 0 bytes used by permanent object pool.
[2018.12.02-13.56.22:134][  0]LogUObjectArray: CloseDisregardForGC: 0/0 objects in disregard for GC pool
[2018.12.02-13.58.23:329][  0]LogTcpMessaging: Initializing TcpMessaging bridge
[2018.12.02-13.58.23:355][  0]LogUdpMessaging: Initializing bridge on interface 0.0.0.0:0 to multicast group 230.0.0.1:6666.
[2018.12.02-13.58.30:098][  0]SourceControl: Source control is disabled
[2018.12.02-13.58.30:098][  0]SourceControl: Source control is disabled
[2018.12.02-13.58.31:886][  0]SourceControl: Source control is disabled
[2018.12.02-13.58.32:305][  0]SourceControl: Source control is disabled
[2018.12.02-13.58.50:309][  0]LogAndroidPermission: UAndroidPermissionCallbackProxy::GetInstance
[2018.12.02-13.58.54:242][  0]LogOcInput: OculusInput pre-init called
[2018.12.02-13.58.59:281][  0]LogEngine: Initializing Engine...
[2018.12.02-13.58.59:585][  0]LogStats: UGameplayTagsManager::ConstructGameplayTagTree: ImportINI prefixes -  0.001 s
[2018.12.02-13.58.59:585][  0]LogStats: UGameplayTagsManager::ConstructGameplayTagTree: Construct from data asset -  0.000 s
[2018.12.02-13.58.59:589][  0]LogStats: UGameplayTagsManager::ConstructGameplayTagTree: ImportINI -  0.000 s
[2018.12.02-13.58.59:590][  0]LogStats: UGameplayTagsManager::ConstructGameplayTagTree: GameplayTagTreeChangedEvent.Broadcast -  0.001 s
[2018.12.02-13.59.00:313][  0]LogInit: Initializing FReadOnlyCVARCache
[2018.12.02-13.59.01:558][  0]LogAIModule: Creating AISystem for world Untitled
[2018.12.02-13.59.02:359][  0]LogInit: XAudio2 using 'ヘッドセット イヤフォン (3- Razer Kraken 7.1 Chroma)' : 2 channels at 48 kHz using 16 bits per sample (channel mask 0x3)
[2018.12.02-13.59.02:685][  0]LogInit: FAudioDevice initialized.
[2018.12.02-13.59.02:685][  0]LogNetVersion: Set ProjectVersion to 1.0.0.0. Version Checksum will be recalculated on next use.
[2018.12.02-13.59.03:771][  0]LogDerivedDataCache: Saved boot cache 1.09s 71MB C:/Users/kai/AppData/Local/UnrealEngine/4.20/DerivedDataCache/Boot.ddc.
[2018.12.02-13.59.03:805][  0]LogInit: Texture streaming: Enabled
[2018.12.02-13.59.05:330][  0]LogEngineSessionManager: EngineSessionManager initialized
[2018.12.02-13.59.05:799][  0]LogInit: Transaction tracking system initialized
[2018.12.02-13.59.06:663][  0]BlueprintLog: New page: Editor Load
[2018.12.02-13.59.07:592][  0]LocalizationService: Localization service is disabled
[2018.12.02-13.59.14:840][  0]LogCook: Display: Max memory allowance for cook 16384mb min free memory 0mb
[2018.12.02-13.59.14:840][  0]LogCook: Display: Mobile HDR setting 1
[2018.12.02-13.59.14:856][  0]LogFileCache: Scanning file cache for directory 'C:/Users/kai/Documents/Unreal Projects/SinglePlayerFPS/Content/' took 0.02s
[2018.12.02-13.59.14:856][  0]LogGameplayTags: Display: UGameplayTagsManager::DoneAddingNativeTags. DelegateIsBound: 0
[2018.12.02-13.59.14:856][  0]LogStats: UGameplayTagsManager::ConstructGameplayTagTree: ImportINI prefixes -  0.000 s
[2018.12.02-13.59.14:856][  0]LogStats: UGameplayTagsManager::ConstructGameplayTagTree: Construct from data asset -  0.000 s
[2018.12.02-13.59.14:856][  0]LogStats: UGameplayTagsManager::ConstructGameplayTagTree: ImportINI -  0.000 s
[2018.12.02-13.59.14:856][  0]LogStats: UGameplayTagsManager::ConstructGameplayTagTree: GameplayTagTreeChangedEvent.Broadcast -  0.000 s
[2018.12.02-13.59.31:285][  0]SourceControl: Source control is disabled
[2018.12.02-13.59.31:285][  0]Cmd: MAP LOAD FILE="../../../../../../Users/kai/Documents/Unreal Projects/SinglePlayerFPS/Content/Levels/AITestMap.umap" TEMPLATE=0 SHOWPROGRESS=1 FEATURELEVEL=3
[2018.12.02-13.59.31:522][  0]LightingResults: New page: Lighting Build
[2018.12.02-13.59.31:799][  0]MapCheck: New page: Map Check
[2018.12.02-13.59.31:799][  0]LightingResults: New page: Lighting Build
[2018.12.02-14.00.05:013][  0]LogAIModule: Creating AISystem for world AITestMap
[2018.12.02-14.00.05:402][  0]LogEditorServer: Finished looking for orphan Actors (0.000 secs)
[2018.12.02-14.00.06:101][  0]Cmd: MAP CHECKDEP NOCLEARLOG
[2018.12.02-14.00.06:535][  0]MapCheck: Map check complete: 0 Error(s), 0 Warning(s), took 434.117ms to complete.
[2018.12.02-14.00.06:535][  0]LogFileHelpers: Loading map 'AITestMap' took 35.250
[2018.12.02-14.00.14:089][  0]LogSlate: Updating window title bar state: overlay mode, drag disabled, window buttons hidden, title bar hidden
[2018.12.02-14.00.14:359][  0]LogSlate: Updating window title bar state: overlay mode, drag disabled, window buttons hidden, title bar hidden
[2018.12.02-14.00.14:372][  0]LogSlate: Updating window title bar state: overlay mode, drag disabled, window buttons hidden, title bar hidden
[2018.12.02-14.00.14:380][  0]LogSlate: Updating window title bar state: overlay mode, drag disabled, window buttons hidden, title bar hidden
[2018.12.02-14.00.16:246][  0]LogCollectionManager: Loaded 0 collections in 0.002176 seconds
[2018.12.02-14.00.16:697][  0]LogFileCache: Scanning file cache for directory 'C:/Users/kai/Documents/Unreal Projects/SinglePlayerFPS/Saved/Collections/' took 0.01s
[2018.12.02-14.00.16:697][  0]LogFileCache: Scanning file cache for directory 'C:/Users/kai/Documents/Unreal Projects/SinglePlayerFPS/Content/Developers/kai/Collections/' took 0.01s
[2018.12.02-14.00.16:697][  0]LogFileCache: Scanning file cache for directory 'C:/Users/kai/Documents/Unreal Projects/SinglePlayerFPS/Content/Collections/' took 0.01s
[2018.12.02-14.00.16:697][  0]LogCollectionManager: Rebuilt the GUID cache for 0 collections in 0.000000 seconds
[2018.12.02-14.00.16:797][  0]LogContentBrowser: Native class hierarchy populated in 0.1004 seconds. Added 2586 classes and 607 folders.
[2018.12.02-14.00.17:494][  0]LogContentBrowser: Native class hierarchy updated for 'WidgetCarousel' in 0.0017 seconds. Added 0 classes and 0 folders.
[2018.12.02-14.00.30:370][  0]LogContentBrowser: Native class hierarchy updated for 'AddContentDialog' in 0.0016 seconds. Added 0 classes and 0 folders.
[2018.12.02-14.00.30:452][  0]LogSlate: Took 0.077771 seconds to synchronously load lazily loaded font '../../../Engine/Content/Slate/Fonts/Roboto-Regular.ttf' (155K)
[2018.12.02-14.00.30:769][  0]LogSlate: Took 0.312117 seconds to synchronously load lazily loaded font '../../../Engine/Content/Slate/Fonts/Roboto-Bold.ttf' (160K)
[2018.12.02-14.00.30:920][  0]LogSlate: Took 0.149251 seconds to synchronously load lazily loaded font '../../../Engine/Content/Editor/Slate/Fonts/FontAwesome.ttf' (139K)
[2018.12.02-14.00.31:091][  0]LogRenderer: Reallocating scene render targets to support 1352x964 Format 10 NumSamples 1 (Frame:1).
[2018.12.02-14.00.32:973][  0]LogContentBrowser: Native class hierarchy updated for 'HierarchicalLODOutliner' in 0.0014 seconds. Added 0 classes and 0 folders.
[2018.12.02-14.00.32:973][  0]LogLoad: (Engine Initialization) Total time: 347.06 seconds
[2018.12.02-14.00.32:973][  0]LogLoad: (Engine Initialization) Total Blueprint compile time: 0.00 seconds
[2018.12.02-14.00.33:468][  0]LogContentStreaming: Texture pool size now 3000 MB
[2018.12.02-14.00.34:871][  2]LogScript: Warning: Accessed None trying to read property CallFunc_TryGetPawnOwner_ReturnValue
	ABP_ShooterAI_C /Engine/Transient.World_3:PersistentLevel.SkeletalMeshActor_0.SkeletalMeshComponent0.ABP_ShooterAI_C_0
	Function /Game/BP/ShooterAI/Character/ABP_ShooterAI.ABP_ShooterAI_C:ExecuteUbergraph_ABP_ShooterAI:0451
[2018.12.02-14.00.35:148][  2]LogSlate: Took 0.258419 seconds to synchronously load lazily loaded font '../../../Engine/Content/Slate/Fonts/Roboto-Light.ttf' (167K)
[2018.12.02-14.00.35:445][  3]LogAssetRegistry: Asset discovery search completed in 268.6520 seconds
[2018.12.02-14.00.35:447][  3]LogCollectionManager: Rebuilt the object cache for 0 collections in 0.000000 seconds (found 0 objects)
[2018.12.02-14.00.35:447][  3]LogCollectionManager: Fixed up redirectors for 0 collections in 0.000059 seconds (updated 0 objects)
[2018.12.02-14.00.38:785][ 13]LogContentStreaming: Texture: "LightMapTexture2D /Game/Levels/AITestMap_BuiltData.AITestMap_BuiltData:HQ_Lightmap1_2", ResidentMips: 7/11, RequestedMips: 11, WantedMips: 11, Boost: 0.2 (updated)
[2018.12.02-14.01.23:514][147]LogSlate: FSceneViewport::OnFocusLost() reason 2
[2018.12.02-14.01.24:676][246]LogSlate: FSceneViewport::OnFocusLost() reason 2
[2018.12.02-14.01.34:896][503]LogContentStreaming: Texture: "LightMapTexture2D /Game/Levels/AITestMap_BuiltData.AITestMap_BuiltData:HQ_Lightmap1_1", ResidentMips: 7/11, RequestedMips: 10, WantedMips: 10, Boost: 0.2 (updated)
[2018.12.02-14.01.38:957][815]LogSlate: FSceneViewport::OnFocusLost() reason 0
[2018.12.02-14.01.42:815][222]LogSlate: Window 'Source Control Login' being destroyed
[2018.12.02-14.01.45:677][505]LogSlate: FSceneViewport::OnFocusLost() reason 2
[2018.12.02-14.01.53:054][931]LogSlate: FSceneViewport::OnFocusLost() reason 0
[2018.12.02-14.03.30:185][230]LogSlate: FSceneViewport::OnFocusLost() reason 2
[2018.12.02-14.03.31:310][347]LogSlate: FSceneViewport::OnFocusLost() reason 2
[2018.12.02-14.03.32:888][474]SourceControl: fatal: C:/Program Files/Epic Games/UE_4.20/Engine/Content: 'C:/Program Files/Epic Games/UE_4.20/Engine/Content' is outside repository
[2018.12.02-14.03.33:094][474]LogFileHelpers: Warning: FilenameToLongPackageName failed to convert '../../../Engine/Plugins/Runtime/Steam/SteamVR/Content/Materials/M_DefaultDevice.uasset'. Attempt result was '../../../Engine/Plugins/Runtime/Steam/SteamVR/Content/Materials/M_DefaultDevice', but the path contains illegal characters '.'
[2018.12.02-14.03.33:310][474]LogPackageName: Error: Illegal call to DoesPackageExist: '../../../../../../Users/kai/Documents/Unreal Projects/SinglePlayerFPS/SinglePlayerFPS.uproject' is not a standard unreal filename or a long path name. Reason: Path should be no less than 4 characters long.
[2018.12.02-14.04.08:776][474]LogStats: FPlatformStackWalk::StackWalkAndDump - 35.466 s
[2018.12.02-14.04.08:776][474]LogOutputDevice: Error: === Handled ensure: ===
[2018.12.02-14.04.08:776][474]LogOutputDevice: Error: 
[2018.12.02-14.04.08:777][474]LogOutputDevice: Error: Ensure condition failed: false [File:D:\Build\++UE4\Sync\Engine\Source\Runtime\CoreUObject\Private\Misc\PackageName.cpp] [Line: 822]
[2018.12.02-14.04.08:777][474]LogOutputDevice: Error: Illegal call to DoesPackageExist: '../../../../../../Users/kai/Documents/Unreal Projects/SinglePlayerFPS/SinglePlayerFPS.uproject' is not a standard unreal filename or a long path name. Reason: Path should be no less than 4 characters long.
[2018.12.02-14.04.08:777][474]LogOutputDevice: Error: Stack: 
[2018.12.02-14.04.08:777][474]LogOutputDevice: Error: [Callstack] 0x00007ff8096c71f6 UE4Editor-Core.dll!UnknownFunction []
[2018.12.02-14.04.08:777][474]LogOutputDevice: Error: [Callstack] 0x00007ff809400c92 UE4Editor-Core.dll!UnknownFunction []
[2018.12.02-14.04.08:777][474]LogOutputDevice: Error: [Callstack] 0x00007ff80941b356 UE4Editor-Core.dll!UnknownFunction []
[2018.12.02-14.04.08:777][474]LogOutputDevice: Error: [Callstack] 0x00007ff806ca4857 UE4Editor-CoreUObject.dll!UnknownFunction []
[2018.12.02-14.04.08:777][474]LogOutputDevice: Error: [Callstack] 0x00007ff8075081a5 UE4Editor-SourceControl.dll!UnknownFunction []
[2018.12.02-14.04.08:777][474]LogOutputDevice: Error: [Callstack] 0x00007ff807508339 UE4Editor-SourceControl.dll!UnknownFunction []
[2018.12.02-14.04.08:777][474]LogOutputDevice: Error: [Callstack] 0x00007fffdc034e8d UE4Editor-SourceControlWindows.dll!UnknownFunction []
[2018.12.02-14.04.08:777][474]LogOutputDevice: Error: [Callstack] 0x00007fffdbfe804e UE4Editor-SourceControlWindows.dll!UnknownFunction []
[2018.12.02-14.04.08:777][474]LogOutputDevice: Error: [Callstack] 0x00007fffdbfe75df UE4Editor-SourceControlWindows.dll!UnknownFunction []
[2018.12.02-14.04.08:777][474]LogOutputDevice: Error: [Callstack] 0x00007fffdc001f71 UE4Editor-SourceControlWindows.dll!UnknownFunction []
[2018.12.02-14.04.08:777][474]LogOutputDevice: Error: [Callstack] 0x00007fffcf90f32c UE4Editor-GitSourceControl.dll!UnknownFunction []
[2018.12.02-14.04.08:777][474]LogOutputDevice: Error: [Callstack] 0x00007fffcf914e51 UE4Editor-GitSourceControl.dll!UnknownFunction []
[2018.12.02-14.04.08:777][474]LogOutputDevice: Error: [Callstack] 0x00007ff80750e737 UE4Editor-SourceControl.dll!UnknownFunction []
[2018.12.02-14.04.08:777][474]LogOutputDevice: Error: [Callstack] 0x00007fffe05c7aee UE4Editor-UnrealEd.dll!UnknownFunction []
[2018.12.02-14.04.08:777][474]LogOutputDevice: Error: [Callstack] 0x00007fffe0ebf666 UE4Editor-UnrealEd.dll!UnknownFunction []
[2018.12.02-14.04.08:777][474]LogOutputDevice: Error: [Callstack] 0x00007ff6f0e25cbd UE4Editor.exe!UnknownFunction []
[2018.12.02-14.04.08:777][474]LogOutputDevice: Error: [Callstack] 0x00007ff6f0e35b3c UE4Editor.exe!UnknownFunction []
[2018.12.02-14.04.08:777][474]LogOutputDevice: Error: [Callstack] 0x00007ff6f0e35bba UE4Editor.exe!UnknownFunction []
[2018.12.02-14.04.08:777][474]LogOutputDevice: Error: [Callstack] 0x00007ff6f0e43dac UE4Editor.exe!UnknownFunction []
[2018.12.02-14.04.08:777][474]LogOutputDevice: Error: [Callstack] 0x00007ff6f0e45aaa UE4Editor.exe!UnknownFunction []
[2018.12.02-14.04.08:777][474]LogOutputDevice: Error: [Callstack] 0x00007ff83cce3034 KERNEL32.DLL!UnknownFunction []
[2018.12.02-14.04.08:777][474]LogOutputDevice: Error: [Callstack] 0x00007ff83dcb1471 ntdll.dll!UnknownFunction []
[2018.12.02-14.04.08:777][474]LogOutputDevice: Error: 
[2018.12.02-14.04.08:784][474]LogStats:                SubmitErrorReport -  0.000 s
[2018.12.02-14.06.39:837][474]LogStats:                    SendNewReport - 151.054 s
[2018.12.02-14.06.39:837][474]LogStats:             FDebug::EnsureFailed - 186.527 s
[2018.12.02-14.06.40:401][474]LogSlate: FSceneViewport::OnFocusLost() reason 2
[2018.12.02-14.06.40:595][474]LogSlate: Window 'Content Browser' being destroyed
[2018.12.02-14.06.40:601][474]LogSlate: Window 'SinglePlayerFPS - Unreal Editor' being destroyed
[2018.12.02-14.06.42:157][474]LogWindowsTextInputMethodSystem: Display: IME system now deactivated.
[2018.12.02-14.06.42:157][474]LogWindowsTextInputMethodSystem: Display: IME system now deactivated.
[2018.12.02-14.06.42:160][474]LogWindowsTextInputMethodSystem: Display: IME system now deactivated.
[2018.12.02-14.06.42:160][474]LogWindowsTextInputMethodSystem: Display: IME system now deactivated.
[2018.12.02-14.06.53:519][474]LogSlate: Window 'Submit Files' being destroyed
[2018.12.02-14.06.53:520][474]LogWindowsTextInputMethodSystem: Display: IME system now deactivated.
[2018.12.02-14.06.53:544][474]LogWindowsTextInputMethodSystem: Display: IME system now deactivated.
[2018.12.02-14.06.55:106][474]SourceControl: Error: fatal: Unable to create 'C:/Users/kai/Documents/Unreal Projects/SinglePlayerFPS/.git/index.lock': File exists.
[2018.12.02-14.06.55:106][474]SourceControl: Error: Another git process seems to be running in this repository, e.g.
[2018.12.02-14.06.55:106][474]SourceControl: Error: an editor opened by 'git commit'. Please make sure all processes
[2018.12.02-14.06.55:106][474]SourceControl: Error: are terminated then try again. If it still fails, a git process
[2018.12.02-14.06.55:106][474]SourceControl: Error: may have crashed in this repository earlier:
[2018.12.02-14.06.55:106][474]SourceControl: Error: remove the file manually to continue.
[2018.12.02-14.06.55:106][474]LogWindowsTextInputMethodSystem: Display: IME system now deactivated.
[2018.12.02-14.06.57:007][474]LogWindowsTextInputMethodSystem: Display: IME system now deactivated.
[2018.12.02-14.06.59:185][474]SourceControl: Error: error: pathspec 'C:/Users/kai/Documents/Unreal Projects/SinglePlayerFPS/Content/BP/ShooterAI/Character/ABP_ShooterAI.uasset' did not match any file(s) known to git.
[2018.12.02-14.06.59:185][474]SourceControl: Error: error: pathspec 'C:/Users/kai/Documents/Unreal Projects/SinglePlayerFPS/Content/BP/ShooterAI/Character/BP_Assault.uasset' did not match any file(s) known to git.
[2018.12.02-14.06.59:185][474]SourceControl: Error: error: pathspec 'C:/Users/kai/Documents/Unreal Projects/SinglePlayerFPS/Content/BP/ShooterAI/Character/BP_ShooterAIBase.uasset' did not match any file(s) known to git.
[2018.12.02-14.06.59:185][474]SourceControl: Error: error: pathspec 'C:/Users/kai/Documents/Unreal Projects/SinglePlayerFPS/Content/BP/ShooterAI/Character/BP_Sniper.uasset' did not match any file(s) known to git.
[2018.12.02-14.06.59:185][474]SourceControl: Error: error: pathspec 'C:/Users/kai/Documents/Unreal Projects/SinglePlayerFPS/Content/BP/ShooterAI/Character/BP_Support.uasset' did not match any file(s) known to git.
[2018.12.02-14.06.59:185][474]SourceControl: Error: error: pathspec 'C:/Users/kai/Documents/Unreal Projects/SinglePlayerFPS/Content/BP/ShooterAI/Character/e_ShooterType.uasset' did not match any file(s) known to git.
[2018.12.02-14.06.59:185][474]SourceControl: Error: error: pathspec 'C:/Users/kai/Documents/Unreal Projects/SinglePlayerFPS/SinglePlayerFPS.uproject' did not match any file(s) known to git.
[2018.12.02-14.06.59:185][474]LogWindowsTextInputMethodSystem: Display: IME system now deactivated.
[2018.12.02-14.06.59:202][475]Cmd: QUIT_EDITOR
[2018.12.02-14.06.59:297][475]LogExit: Preparing to exit.
[2018.12.02-14.06.59:637][475]LogExit: Editor shut down
[2018.12.02-14.06.59:637][475]LogExit: Transaction tracking system shut down
[2018.12.02-14.07.00:169][475]LogExit: Object subsystem successfully closed.
[2018.12.02-14.07.00:187][475]LogShaderCompilers: Display: Shaders left to compile 0
[2018.12.02-14.07.00:191][475]LogD3D11RHI: Shutdown
[2018.12.02-14.07.00:191][475]LogD3D11RHI: CleanupD3DDevice
[2018.12.02-14.07.00:194][475]LogD3D11RHI: ~FD3D11DynamicRHI
[2018.12.02-14.07.00:211][475]LogModuleManager: Shutting down and abandoning module HierarchicalLODOutliner (612)
[2018.12.02-14.07.00:211][475]LogModuleManager: Shutting down and abandoning module AddContentDialog (610)
[2018.12.02-14.07.00:211][475]LogModuleManager: Shutting down and abandoning module WidgetCarousel (609)
[2018.12.02-14.07.00:211][475]LogModuleManager: Shutting down and abandoning module EditorWidgets (606)
[2018.12.02-14.07.00:211][475]LogModuleManager: Shutting down and abandoning module CollectionManager (604)
[2018.12.02-14.07.00:211][475]LogModuleManager: Shutting down and abandoning module SceneOutliner (602)
[2018.12.02-14.07.00:211][475]LogModuleManager: Shutting down and abandoning module StatsViewer (600)
[2018.12.02-14.07.00:211][475]LogModuleManager: Shutting down and abandoning module FoliageEdit (598)
[2018.12.02-14.07.00:211][475]LogModuleManager: Shutting down and abandoning module LandscapeEditor (596)
[2018.12.02-14.07.00:211][475]LogModuleManager: Shutting down and abandoning module MeshPaintMode (594)
[2018.12.02-14.07.00:211][475]LogModuleManager: Shutting down and abandoning module SceneDepthPickerMode (592)
[2018.12.02-14.07.00:211][475]LogModuleManager: Shutting down and abandoning module ActorPickerMode (590)
[2018.12.02-14.07.00:211][475]LogModuleManager: Shutting down and abandoning module GeometryMode (588)
[2018.12.02-14.07.00:211][475]LogModuleManager: Shutting down and abandoning module TextureAlignMode (586)
[2018.12.02-14.07.00:211][475]LogModuleManager: Shutting down and abandoning module BspMode (584)
[2018.12.02-14.07.00:211][475]LogModuleManager: Shutting down and abandoning module PIEPreviewDeviceProfileSelector (582)
[2018.12.02-14.07.00:211][475]LogModuleManager: Shutting down and abandoning module SequenceRecorderSections (580)
[2018.12.02-14.07.00:211][475]LogModuleManager: Shutting down and abandoning module AutomationWorker (578)
[2018.12.02-14.07.00:211][475]LogModuleManager: Shutting down and abandoning module AudioCaptureEditor (576)
[2018.12.02-14.07.00:211][475]LogModuleManager: Shutting down and abandoning module SequenceRecorder (575)
[2018.12.02-14.07.00:211][475]LogModuleManager: Shutting down and abandoning module MatineeToLevelSequence (572)
[2018.12.02-14.07.00:211][475]LogModuleManager: Shutting down and abandoning module LevelSequenceEditor (570)
[2018.12.02-14.07.00:211][475]LogModuleManager: Shutting down and abandoning module PlacementMode (569)
[2018.12.02-14.07.00:212][475]LogModuleManager: Shutting down and abandoning module MaterialEditor (568)
[2018.12.02-14.07.00:212][475]LogModuleManager: Shutting down and abandoning module WmfMediaFactory (564)
[2018.12.02-14.07.00:212][475]LogModuleManager: Shutting down and abandoning module WmfMediaEditor (562)
[2018.12.02-14.07.00:212][475]LogModuleManager: Shutting down and abandoning module MediaPlayerEditor (560)
[2018.12.02-14.07.00:212][475]LogModuleManager: Shutting down and abandoning module OpenExrWrapper (558)
[2018.12.02-14.07.00:212][475]LogModuleManager: Shutting down and abandoning module ImgMediaFactory (556)
[2018.12.02-14.07.00:212][475]LogModuleManager: Shutting down and abandoning module ImgMediaEditor (554)
[2018.12.02-14.07.00:212][475]LogModuleManager: Shutting down and abandoning module AvfMediaFactory (552)
[2018.12.02-14.07.00:212][475]LogModuleManager: Shutting down and abandoning module AvfMediaEditor (550)
[2018.12.02-14.07.00:212][475]LogModuleManager: Shutting down and abandoning module AndroidMediaFactory (548)
[2018.12.02-14.07.00:212][475]LogModuleManager: Shutting down and abandoning module AndroidMediaEditor (546)
[2018.12.02-14.07.00:212][475]LogModuleManager: Shutting down and abandoning module MagicLeapCameraPreviewFactory (544)
[2018.12.02-14.07.00:212][475]LogModuleManager: Shutting down and abandoning module MagicLeapMediaFactory (542)
[2018.12.02-14.07.00:212][475]LogModuleManager: Shutting down and abandoning module MagicLeapMediaEditor (540)
[2018.12.02-14.07.00:212][475]LogModuleManager: Shutting down and abandoning module CharacterAI (538)
[2018.12.02-14.07.00:212][475]LogModuleManager: Shutting down and abandoning module SmartSnapping (536)
[2018.12.02-14.07.00:212][475]LogModuleManager: Shutting down and abandoning module SessionServices (534)
[2018.12.02-14.07.00:212][475]LogModuleManager: Shutting down and abandoning module ViewportSnapping (532)
[2018.12.02-14.07.00:212][475]LogModuleManager: Shutting down and abandoning module ViewportInteraction (530)
[2018.12.02-14.07.00:212][475]LogModuleManager: Shutting down and abandoning module ClothPainter (528)
[2018.12.02-14.07.00:212][475]LogModuleManager: Shutting down and abandoning module SkeletalMeshEditor (527)
[2018.12.02-14.07.00:212][475]LogModuleManager: Shutting down and abandoning module LogVisualizer (524)
[2018.12.02-14.07.00:212][475]LogModuleManager: Shutting down and abandoning module IntroTutorials (522)
[2018.12.02-14.07.00:212][475]LogModuleManager: Shutting down and abandoning module GameProjectGeneration (521)
[2018.12.02-14.07.00:212][475]LogModuleManager: Shutting down and abandoning module LuminPlatformEditor (518)
[2018.12.02-14.07.00:212][475]LogModuleManager: Shutting down and abandoning module IOSPlatformEditor (516)
[2018.12.02-14.07.00:212][475]LogModuleManager: Shutting down and abandoning module HTML5PlatformEditor (514)
[2018.12.02-14.07.00:212][475]LogModuleManager: Shutting down and abandoning module AndroidPlatformEditor (512)
[2018.12.02-14.07.00:212][475]LogModuleManager: Shutting down and abandoning module AndroidDeviceDetection (511)
[2018.12.02-14.07.01:605][475]LogModuleManager: Shutting down and abandoning module WindowsPlatformEditor (508)
[2018.12.02-14.07.01:605][475]LogModuleManager: Shutting down and abandoning module LuminRuntimeSettings (506)
[2018.12.02-14.07.01:605][475]LogModuleManager: Shutting down and abandoning module IOSRuntimeSettings (504)
[2018.12.02-14.07.01:605][475]LogModuleManager: Shutting down and abandoning module AndroidRuntimeSettings (502)
[2018.12.02-14.07.01:605][475]LogModuleManager: Shutting down and abandoning module InputBindingEditor (500)
[2018.12.02-14.07.01:605][475]LogModuleManager: Shutting down and abandoning module MergeActors (498)
[2018.12.02-14.07.01:605][475]LogModuleManager: Shutting down and abandoning module LocalizationDashboard (496)
[2018.12.02-14.07.01:605][475]LogModuleManager: Shutting down and abandoning module LocalizationService (495)
[2018.12.02-14.07.01:605][475]LogModuleManager: Shutting down and abandoning module HardwareTargeting (492)
[2018.12.02-14.07.01:605][475]LogModuleManager: Shutting down and abandoning module DeviceProfileEditor (490)
[2018.12.02-14.07.01:605][475]LogModuleManager: Shutting down and abandoning module UndoHistory (488)
[2018.12.02-14.07.01:605][475]LogModuleManager: Shutting down and abandoning module XmlParser (486)
[2018.12.02-14.07.01:605][475]LogModuleManager: Shutting down and abandoning module Blutility (484)
[2018.12.02-14.07.01:605][475]LogModuleManager: Shutting down and abandoning module ProjectSettingsViewer (482)
[2018.12.02-14.07.01:605][475]LogModuleManager: Shutting down and abandoning module ProjectTargetPlatformEditor (481)
[2018.12.02-14.07.01:606][475]LogModuleManager: Shutting down and abandoning module EditorSettingsViewer (478)
[2018.12.02-14.07.01:606][475]LogModuleManager: Shutting down and abandoning module SettingsEditor (476)
[2018.12.02-14.07.01:606][475]LogModuleManager: Shutting down and abandoning module ProjectLauncher (474)
[2018.12.02-14.07.01:606][475]LogModuleManager: Shutting down and abandoning module SessionFrontend (472)
[2018.12.02-14.07.01:606][475]LogModuleManager: Shutting down and abandoning module ProfilerClient (470)
[2018.12.02-14.07.01:606][475]LogModuleManager: Shutting down and abandoning module DeviceManager (468)
[2018.12.02-14.07.01:606][475]LogModuleManager: Shutting down and abandoning module TargetDeviceServices (467)
[2018.12.02-14.07.01:672][475]LogModuleManager: Shutting down and abandoning module AutomationController (464)
[2018.12.02-14.07.01:672][475]LogModuleManager: Shutting down and abandoning module AutomationWindow (462)
[2018.12.02-14.07.01:672][475]LogModuleManager: Shutting down and abandoning module Layers (460)
[2018.12.02-14.07.01:672][475]LogModuleManager: Shutting down and abandoning module ComponentVisualizers (458)
[2018.12.02-14.07.01:672][475]LogModuleManager: Shutting down and abandoning module DetailCustomizations (456)
[2018.12.02-14.07.01:672][475]LogModuleManager: Shutting down and abandoning module PackagesDialog (454)
[2018.12.02-14.07.01:672][475]LogModuleManager: Shutting down and abandoning module Persona (452)
[2018.12.02-14.07.01:672][475]LogModuleManager: Shutting down and abandoning module AdvancedPreviewScene (451)
[2018.12.02-14.07.01:672][475]LogModuleManager: Shutting down and abandoning module AnimGraph (449)
[2018.12.02-14.07.01:672][475]LogModuleManager: Shutting down and abandoning module Kismet (446)
[2018.12.02-14.07.01:673][475]LogModuleManager: Shutting down and abandoning module GraphEditor (444)
[2018.12.02-14.07.01:673][475]LogModuleManager: Shutting down and abandoning module ClassViewer (442)
[2018.12.02-14.07.01:673][475]LogModuleManager: Shutting down and abandoning module Toolbox (440)
[2018.12.02-14.07.01:673][475]LogModuleManager: Shutting down and abandoning module ModuleUI (438)
[2018.12.02-14.07.01:673][475]LogModuleManager: Shutting down and abandoning module MovieSceneTools (436)
[2018.12.02-14.07.01:674][475]LogModuleManager: Shutting down and abandoning module OutputLog (434)
[2018.12.02-14.07.01:674][475]LogModuleManager: Shutting down and abandoning module GammaUI (432)
[2018.12.02-14.07.01:674][475]LogModuleManager: Shutting down and abandoning module Documentation (430)
[2018.12.02-14.07.01:674][475]LogModuleManager: Shutting down and abandoning module MovieSceneTracks (428)
[2018.12.02-14.07.01:674][475]LogModuleManager: Shutting down and abandoning module MovieScene (426)
[2018.12.02-14.07.01:674][475]LogModuleManager: Shutting down and abandoning module StreamingPauseRendering (424)
[2018.12.02-14.07.01:674][475]LogModuleManager: Shutting down and abandoning module LauncherPlatform (422)
[2018.12.02-14.07.01:674][475]LogModuleManager: Shutting down and abandoning module AnalyticsET (420)
[2018.12.02-14.07.01:674][475]LogModuleManager: Shutting down and abandoning module PortalServices (418)
[2018.12.02-14.07.01:674][475]LogModuleManager: Shutting down and abandoning module PortalRpc (416)
[2018.12.02-14.07.01:674][475]LogModuleManager: Shutting down and abandoning module MessagingRpc (414)
[2018.12.02-14.07.01:674][475]LogModuleManager: Shutting down and abandoning module AIModule (412)
[2018.12.02-14.07.01:674][475]LogModuleManager: Shutting down and abandoning module GameplayDebugger (411)
[2018.12.02-14.07.01:674][475]LogModuleManager: Shutting down and abandoning module AITestSuite (409)
[2018.12.02-14.07.01:674][475]LogModuleManager: Shutting down and abandoning module NavigationSystem (407)
[2018.12.02-14.07.01:674][475]LogModuleManager: Shutting down and abandoning module DesktopPlatform (404)
[2018.12.02-14.07.01:674][475]LogModuleManager: Shutting down and abandoning module ProfilerService (402)
[2018.12.02-14.07.01:900][475]LogModuleManager: Shutting down and abandoning module TaskGraph (400)
[2018.12.02-14.07.01:900][475]LogModuleManager: Shutting down and abandoning module ProceduralMeshComponentEditor (398)
[2018.12.02-14.07.01:900][475]LogModuleManager: Shutting down and abandoning module ProceduralMeshComponent (396)
[2018.12.02-14.07.01:900][475]LogModuleManager: Shutting down and abandoning module OculusInput (394)
[2018.12.02-14.07.01:900][475]LogModuleManager: Shutting down and abandoning module MobilePatchingUtils (392)
[2018.12.02-14.07.01:900][475]LogModuleManager: Shutting down and abandoning module EditableMesh (390)
[2018.12.02-14.07.01:900][475]LogModuleManager: Shutting down and abandoning module CustomMeshComponent (388)
[2018.12.02-14.07.01:900][475]LogModuleManager: Shutting down and abandoning module CableComponent (386)
[2018.12.02-14.07.01:900][475]LogModuleManager: Shutting down and abandoning module AudioCapture (384)
[2018.12.02-14.07.01:900][475]LogModuleManager: Shutting down and abandoning module ArchVisCharacter (382)
[2018.12.02-14.07.01:900][475]LogModuleManager: Shutting down and abandoning module AndroidPermission (380)
[2018.12.02-14.07.01:900][475]LogModuleManager: Shutting down and abandoning module NUTUnrealEngine4 (378)
[2018.12.02-14.07.01:900][475]LogModuleManager: Shutting down and abandoning module NetcodeUnitTest (376)
[2018.12.02-14.07.01:901][475]LogModuleManager: Shutting down and abandoning module MediaCompositingEditor (374)
[2018.12.02-14.07.01:901][475]LogModuleManager: Shutting down and abandoning module MediaCompositing (372)
[2018.12.02-14.07.01:901][475]LogModuleManager: Shutting down and abandoning module LinearTimecode (370)
[2018.12.02-14.07.01:901][475]LogModuleManager: Shutting down and abandoning module ImgMedia (368)
[2018.12.02-14.07.01:904][475]LogModuleManager: Shutting down and abandoning module HTML5Networking (366)
[2018.12.02-14.07.01:904][475]LogModuleManager: Shutting down and abandoning module GeometryCacheTracks (364)
[2018.12.02-14.07.01:904][475]LogModuleManager: Shutting down and abandoning module GeometryCacheSequencer (362)
[2018.12.02-14.07.01:904][475]LogModuleManager: Shutting down and abandoning module BackChannel (360)
[2018.12.02-14.07.01:904][475]LogModuleManager: Shutting down and abandoning module AppleVision (358)
[2018.12.02-14.07.01:904][475]LogModuleManager: Shutting down and abandoning module AppleImageUtils (356)
[2018.12.02-14.07.01:904][475]LogModuleManager: Shutting down and abandoning module AlembicImporter (354)
[2018.12.02-14.07.01:904][475]LogModuleManager: Shutting down and abandoning module AlembicLibrary (353)
[2018.12.02-14.07.01:904][475]LogModuleManager: Shutting down and abandoning module GeometryCache (352)
[2018.12.02-14.07.01:904][475]LogModuleManager: Shutting down and abandoning module GeometryCacheEd (351)
[2018.12.02-14.07.01:904][475]LogModuleManager: Shutting down and abandoning module DatasmithContentEditor (346)
[2018.12.02-14.07.01:904][475]LogModuleManager: Shutting down and abandoning module DatasmithContent (344)
[2018.12.02-14.07.01:955][475]LogModuleManager: Shutting down and abandoning module SpeedTreeImporter (342)
[2018.12.02-14.07.01:955][475]LogModuleManager: Shutting down and abandoning module PluginBrowser (340)
[2018.12.02-14.07.01:956][475]LogModuleManager: Shutting down and abandoning module MobileLauncherProfileWizard (338)
[2018.12.02-14.07.01:956][475]LogModuleManager: Shutting down and abandoning module PolygonModeling (336)
[2018.12.02-14.07.01:956][475]LogModuleManager: Shutting down and abandoning module MeshEditor (334)
[2018.12.02-14.07.01:956][475]LogModuleManager: Shutting down and abandoning module CryptoKeysOpenSSL (332)
[2018.12.02-14.07.01:956][475]LogModuleManager: Shutting down and abandoning module CryptoKeys (330)
[2018.12.02-14.07.01:956][475]LogModuleManager: Shutting down and abandoning module VisualStudioSourceCodeAccess (328)
[2018.12.02-14.07.01:956][475]LogModuleManager: Shutting down and abandoning module VisualStudioCodeSourceCodeAccess (326)
[2018.12.02-14.07.01:956][475]LogModuleManager: Shutting down and abandoning module UObjectPlugin (324)
[2018.12.02-14.07.01:956][475]LogModuleManager: Shutting down and abandoning module SubversionSourceControl (322)
[2018.12.02-14.07.01:956][475]LogModuleManager: Shutting down and abandoning module PerforceSourceControl (320)
[2018.12.02-14.07.01:956][475]LogModuleManager: Shutting down and abandoning module GitSourceControl (318)
[2018.12.02-14.07.01:956][475]LogModuleManager: Shutting down and abandoning module SourceControl (317)
[2018.12.02-14.07.01:956][475]LogModuleManager: Shutting down and abandoning module CLionSourceCodeAccess (314)
[2018.12.02-14.07.01:956][475]LogModuleManager: Shutting down and abandoning module LightPropagationVolumeEditor (312)
[2018.12.02-14.07.01:956][475]LogModuleManager: Shutting down and abandoning module PaperTiledImporter (310)
[2018.12.02-14.07.01:956][475]LogModuleManager: Shutting down and abandoning module PaperSpriteSheetImporter (308)
[2018.12.02-14.07.01:956][475]LogModuleManager: Shutting down and abandoning module Paper2DEditor (306)
[2018.12.02-14.07.01:956][475]LogModuleManager: Shutting down and abandoning module MeshPaint (305)
[2018.12.02-14.07.01:957][475]LogModuleManager: Shutting down and abandoning module RuntimePhysXCooking (302)
[2018.12.02-14.07.01:957][475]LogModuleManager: Shutting down and abandoning module PhysXVehiclesEditor (300)
[2018.12.02-14.07.01:957][475]LogModuleManager: Shutting down and abandoning module PhysXVehicles (298)
[2018.12.02-14.07.01:957][475]LogModuleManager: Shutting down and abandoning module OculusEditor (296)
[2018.12.02-14.07.01:957][475]LogModuleManager: Shutting down and abandoning module LocationServicesBPLibrary (294)
[2018.12.02-14.07.01:957][475]LogModuleManager: Shutting down and abandoning module ImmediatePhysicsEditor (292)
[2018.12.02-14.07.01:957][475]LogModuleManager: Shutting down and abandoning module ImmediatePhysics (290)
[2018.12.02-14.07.01:957][475]LogModuleManager: Shutting down and abandoning module ApexDestructionEditor (288)
[2018.12.02-14.07.01:957][475]LogModuleManager: Shutting down and abandoning module ApexDestruction (286)
[2018.12.02-14.07.01:957][475]LogModuleManager: Shutting down and abandoning module ActorSequence (284)
[2018.12.02-14.07.01:957][475]LogModuleManager: Shutting down and abandoning module UdpMessaging (282)
[2018.12.02-14.07.02:058][475]LogModuleManager: Shutting down and abandoning module TcpMessaging (280)
[2018.12.02-14.07.02:158][475]LogModuleManager: Shutting down and abandoning module MagicLeapAudio (278)
[2018.12.02-14.07.02:158][475]LogModuleManager: Shutting down and abandoning module GameplayTagsEditor (276)
[2018.12.02-14.07.02:158][475]LogModuleManager: Shutting down and abandoning module FacialAnimationEditor (274)
[2018.12.02-14.07.02:158][475]LogModuleManager: Shutting down and abandoning module FacialAnimation (272)
[2018.12.02-14.07.02:158][475]LogModuleManager: Shutting down and abandoning module DataValidation (270)
[2018.12.02-14.07.02:158][475]LogModuleManager: Shutting down and abandoning module AssetManagerEditor (268)
[2018.12.02-14.07.02:158][475]LogModuleManager: Shutting down and abandoning module LevelEditor (267)
[2018.12.02-14.07.02:158][475]LogModuleManager: Shutting down and abandoning module PixelInspectorModule (266)
[2018.12.02-14.07.02:158][475]LogModuleManager: Shutting down and abandoning module CommonMenuExtensions (264)
[2018.12.02-14.07.02:159][475]LogModuleManager: Shutting down and abandoning module MainFrame (262)
[2018.12.02-14.07.02:159][475]LogModuleManager: Shutting down and abandoning module HotReload (261)
[2018.12.02-14.07.02:159][475]LogModuleManager: Shutting down and abandoning module ContentBrowser (257)
[2018.12.02-14.07.02:160][475]LogModuleManager: Shutting down and abandoning module TreeMap (255)
[2018.12.02-14.07.02:160][475]LogModuleManager: Shutting down and abandoning module LightPropagationVolumeRuntime (252)
[2018.12.02-14.07.02:160][475]LogModuleManager: Shutting down and abandoning module AISupportModule (250)
[2018.12.02-14.07.02:160][475]LogModuleManager: Shutting down and abandoning module Paper2D (248)
[2018.12.02-14.07.02:160][475]LogModuleManager: Shutting down and abandoning module WindowsMoviePlayer (246)
[2018.12.02-14.07.02:160][475]LogModuleManager: Shutting down and abandoning module WmfMedia (244)
[2018.12.02-14.07.02:161][475]LogModuleManager: Shutting down and abandoning module Media (243)
[2018.12.02-14.07.02:168][475]LogModuleManager: Shutting down and abandoning module PacketHandler (240)
[2018.12.02-14.07.02:168][475]LogModuleManager: Shutting down and abandoning module ClothingSystemEditor (238)
[2018.12.02-14.07.02:168][475]LogModuleManager: Shutting down and abandoning module ClothingSystemRuntime (236)
[2018.12.02-14.07.02:168][475]LogModuleManager: Shutting down and abandoning module MediaAssets (234)
[2018.12.02-14.07.02:168][475]LogModuleManager: Shutting down and abandoning module Overlay (232)
[2018.12.02-14.07.02:168][475]LogModuleManager: Shutting down and abandoning module OverlayEditor (231)
[2018.12.02-14.07.02:168][475]LogModuleManager: Shutting down and abandoning module EnvironmentQueryEditor (228)
[2018.12.02-14.07.02:168][475]LogModuleManager: Shutting down and abandoning module VREditor (226)
[2018.12.02-14.07.02:168][475]LogModuleManager: Shutting down and abandoning module StringTableEditor (224)
[2018.12.02-14.07.02:168][475]LogModuleManager: Shutting down and abandoning module GameplayTasksEditor (222)
[2018.12.02-14.07.02:168][475]LogModuleManager: Shutting down and abandoning module BehaviorTreeEditor (220)
[2018.12.02-14.07.02:168][475]LogModuleManager: Shutting down and abandoning module FunctionalTesting (218)
[2018.12.02-14.07.02:168][475]LogModuleManager: Shutting down and abandoning module CollisionAnalyzer (216)
[2018.12.02-14.07.02:168][475]LogModuleManager: Shutting down and abandoning module WorkspaceMenuStructure (215)
[2018.12.02-14.07.02:168][475]LogModuleManager: Shutting down and abandoning module UMG (212)
[2018.12.02-14.07.02:168][475]LogModuleManager: Shutting down and abandoning module UMGEditor (211)
[2018.12.02-14.07.02:168][475]LogModuleManager: Shutting down and abandoning module Sequencer (210)
[2018.12.02-14.07.02:168][475]LogModuleManager: Shutting down and abandoning module MessageLog (207)
[2018.12.02-14.07.02:168][475]LogModuleManager: Shutting down and abandoning module SlateReflector (202)
[2018.12.02-14.07.02:168][475]LogModuleManager: Shutting down and abandoning module Slate (200)
[2018.12.02-14.07.02:168][475]LogModuleManager: Shutting down and abandoning module EditorStyle (198)
[2018.12.02-14.07.02:169][475]LogModuleManager: Shutting down and abandoning module MRMesh (196)
[2018.12.02-14.07.02:169][475]LogModuleManager: Shutting down and abandoning module SourceCodeAccess (194)
[2018.12.02-14.07.02:169][475]LogModuleManager: Shutting down and abandoning module HeadMountedDisplay (192)
[2018.12.02-14.07.02:169][475]LogModuleManager: Shutting down and abandoning module XAudio2 (190)
[2018.12.02-14.07.02:169][475]LogModuleManager: Shutting down and abandoning module Networking (188)
[2018.12.02-14.07.02:169][475]LogModuleManager: Shutting down and abandoning module Core (186)
[2018.12.02-14.07.02:169][475]LogModuleManager: Shutting down and abandoning module LevelSequence (184)
[2018.12.02-14.07.02:169][475]LogModuleManager: Shutting down and abandoning module KismetCompiler (182)
[2018.12.02-14.07.02:169][475]LogModuleManager: Shutting down and abandoning module MeshUtilities (180)
[2018.12.02-14.07.02:169][475]LogModuleManager: Shutting down and abandoning module MeshMergeUtilities (179)
[2018.12.02-14.07.02:170][475]LogModuleManager: Shutting down and abandoning module MeshReductionInterface (178)
[2018.12.02-14.07.02:170][475]LogModuleManager: Shutting down and abandoning module SimplygonSwarm (177)
[2018.12.02-14.07.02:170][475]LogModuleManager: Shutting down and abandoning module ProxyLODMeshReduction (175)
[2018.12.02-14.07.02:170][475]LogModuleManager: Shutting down and abandoning module SimplygonMeshReduction (173)
[2018.12.02-14.07.02:170][475]LogModuleManager: Shutting down and abandoning module QuadricMeshReduction (171)
[2018.12.02-14.07.02:170][475]LogModuleManager: Shutting down and abandoning module MaterialBaking (167)
[2018.12.02-14.07.02:170][475]LogModuleManager: Shutting down and abandoning module DirectoryWatcher (163)
[2018.12.02-14.07.02:170][475]LogModuleManager: Shutting down and abandoning module DerivedDataCache (160)
[2018.12.02-14.07.02:233][475]LogDerivedDataCache: Shutdown
[2018.12.02-14.07.02:233][475]LogModuleManager: Shutting down and abandoning module XGEController (158)
[2018.12.02-14.07.02:233][475]LogModuleManager: Shutting down and abandoning module TargetPlatform (156)
[2018.12.02-14.07.02:233][475]LogModuleManager: Shutting down and abandoning module VulkanShaderFormat (155)
[2018.12.02-14.07.02:233][475]LogModuleManager: Shutting down and abandoning module ShaderFormatVectorVM (153)
[2018.12.02-14.07.02:233][475]LogModuleManager: Shutting down and abandoning module ShaderFormatOpenGL (151)
[2018.12.02-14.07.02:233][475]LogModuleManager: Shutting down and abandoning module ShaderFormatD3D (149)
[2018.12.02-14.07.02:233][475]LogModuleManager: Shutting down and abandoning module MetalShaderFormat (147)
[2018.12.02-14.07.02:233][475]LogModuleManager: Shutting down and abandoning module TextureFormatUncompressed (145)
[2018.12.02-14.07.02:233][475]LogModuleManager: Shutting down and abandoning module TextureFormatPVR (143)
[2018.12.02-14.07.02:233][475]LogModuleManager: Shutting down and abandoning module TextureFormatDXT (141)
[2018.12.02-14.07.02:233][475]LogModuleManager: Shutting down and abandoning module TextureFormatIntelISPCTexComp (139)
[2018.12.02-14.07.02:234][475]LogModuleManager: Shutting down and abandoning module TextureFormatASTC (137)
[2018.12.02-14.07.02:234][475]LogModuleManager: Shutting down and abandoning module ImageWrapper (136)
[2018.12.02-14.07.02:234][475]LogModuleManager: Shutting down and abandoning module TextureFormatAndroid (133)
[2018.12.02-14.07.02:234][475]LogModuleManager: Shutting down and abandoning module AudioFormatOpus (131)
[2018.12.02-14.07.02:234][475]LogModuleManager: Shutting down and abandoning module AudioFormatOgg (129)
[2018.12.02-14.07.02:234][475]LogModuleManager: Shutting down and abandoning module AudioFormatADPCM (127)
[2018.12.02-14.07.02:234][475]LogModuleManager: Shutting down and abandoning module LuminTargetPlatform (125)
[2018.12.02-14.07.02:234][475]LogModuleManager: Shutting down and abandoning module LinuxTargetPlatform (123)
[2018.12.02-14.07.02:234][475]LogModuleManager: Shutting down and abandoning module LinuxServerTargetPlatform (121)
[2018.12.02-14.07.02:234][475]LogModuleManager: Shutting down and abandoning module LinuxNoEditorTargetPlatform (119)
[2018.12.02-14.07.02:234][475]LogModuleManager: Shutting down and abandoning module LinuxClientTargetPlatform (117)
[2018.12.02-14.07.02:234][475]LogModuleManager: Shutting down and abandoning module TVOSTargetPlatform (115)
[2018.12.02-14.07.02:234][475]LogModuleManager: Shutting down and abandoning module Messaging (113)
[2018.12.02-14.07.02:234][475]LogModuleManager: Shutting down and abandoning module IOSTargetPlatform (111)
[2018.12.02-14.07.02:235][475]LogModuleManager: Shutting down and abandoning module HTML5TargetPlatform (109)
[2018.12.02-14.07.02:235][475]LogModuleManager: Shutting down and abandoning module AndroidTargetPlatform (107)
[2018.12.02-14.07.02:240][475]LogModuleManager: Shutting down and abandoning module WindowsTargetPlatform (105)
[2018.12.02-14.07.02:240][475]LogModuleManager: Shutting down and abandoning module WindowsServerTargetPlatform (103)
[2018.12.02-14.07.02:240][475]LogModuleManager: Shutting down and abandoning module WindowsNoEditorTargetPlatform (101)
[2018.12.02-14.07.02:240][475]LogModuleManager: Shutting down and abandoning module WindowsClientTargetPlatform (99)
[2018.12.02-14.07.02:240][475]LogModuleManager: Shutting down and abandoning module MacTargetPlatform (97)
[2018.12.02-14.07.02:240][475]LogModuleManager: Shutting down and abandoning module MacServerTargetPlatform (95)
[2018.12.02-14.07.02:240][475]LogModuleManager: Shutting down and abandoning module MacNoEditorTargetPlatform (93)
[2018.12.02-14.07.02:240][475]LogModuleManager: Shutting down and abandoning module MacClientTargetPlatform (91)
[2018.12.02-14.07.02:240][475]LogModuleManager: Shutting down and abandoning module AllDesktopTargetPlatform (89)
[2018.12.02-14.07.02:240][475]LogModuleManager: Shutting down and abandoning module InputCore (86)
[2018.12.02-14.07.02:240][475]LogModuleManager: Shutting down and abandoning module Settings (84)
[2018.12.02-14.07.02:240][475]LogModuleManager: Shutting down and abandoning module PhysXCooking (82)
[2018.12.02-14.07.02:240][475]LogModuleManager: Shutting down and abandoning module OculusHMD (80)
[2018.12.02-14.07.02:240][475]LogModuleManager: Shutting down and abandoning module ExampleDeviceProfileSelector (78)
[2018.12.02-14.07.02:240][475]LogModuleManager: Shutting down and abandoning module LauncherChunkInstaller (76)
[2018.12.02-14.07.02:240][475]LogModuleManager: Shutting down and abandoning module OnlineBlueprintSupport (74)
[2018.12.02-14.07.02:241][475]LogModuleManager: Shutting down and abandoning module OnlineSubsystem (70)
[2018.12.02-14.07.02:241][475]LogModuleManager: Shutting down and abandoning module XMPP (65)
[2018.12.02-14.07.02:241][475]LogModuleManager: Shutting down and abandoning module WebSockets (64)
[2018.12.02-14.07.02:251][475]LogModuleManager: Shutting down and abandoning module HTTP (61)
[2018.12.02-14.07.02:251][475]LogHttp: Display: Http module shutting down, but needs to wait on 1 outstanding Http requests:
[2018.12.02-14.07.02:251][475]LogHttp: Display: 	verb=[POST] url=[https://datarouter.ol.epicgames.com/datarouter/api/v1/public/data?SessionID=%7B57D04061-49D1-7635-456E-88B2CFB070A8%7D&AppID=UEEditor.Rocket.Release&AppVersion=4.20.3-4369336%2B%2B%2BUE4%2BRelease-4.20&UserID=76e0a7174ccd410ed356959a6a4e6fa8%7C89f8860b1a294d7fa434d460e5891d40%7C1ba92aee-c584-4868-ba2e-cb950b2334eb&AppEnvironment=datacollector-binary&UploadType=eteventstream] status=Processing
[2018.12.02-14.07.02:278][475]LogModuleManager: Shutting down and abandoning module SSL (60)
[2018.12.02-14.07.02:279][475]LogModuleManager: Shutting down and abandoning module MagicLeapEmulator (56)
[2018.12.02-14.07.02:279][475]LogModuleManager: Shutting down and abandoning module MagicLeapPrivileges (54)
[2018.12.02-14.07.02:279][475]LogModuleManager: Shutting down and abandoning module MagicLeapIdentity (52)
[2018.12.02-14.07.02:279][475]LogModuleManager: Shutting down and abandoning module MagicLeapHelperVulkan (50)
[2018.12.02-14.07.02:279][475]LogModuleManager: Shutting down and abandoning module MagicLeapHelperOpenGL (48)
[2018.12.02-14.07.02:279][475]LogModuleManager: Shutting down and abandoning module MagicLeapSecureStorage (46)
[2018.12.02-14.07.02:279][475]LogModuleManager: Shutting down and abandoning module MagicLeapGestures (44)
[2018.12.02-14.07.02:279][475]LogModuleManager: Shutting down and abandoning module MagicLeapEyeTracker (42)
[2018.12.02-14.07.02:279][475]LogModuleManager: Shutting down and abandoning module MagicLeapController (40)
[2018.12.02-14.07.02:279][475]LogSlate: Slate User Destroyed.  User Index 0, Is Virtual User: 0
[2018.12.02-14.07.02:279][475]LogModuleManager: Shutting down and abandoning module MagicLeap (38)
[2018.12.02-14.07.02:279][475]LogModuleManager: Shutting down and abandoning module AnimationModifiers (36)
[2018.12.02-14.07.02:279][475]LogModuleManager: Shutting down and abandoning module PropertyEditor (35)
[2018.12.02-14.07.02:279][475]LogModuleManager: Shutting down and abandoning module AudioEditor (32)
[2018.12.02-14.07.02:279][475]LogModuleManager: Shutting down and abandoning module TextureCompressor (30)
[2018.12.02-14.07.02:279][475]LogModuleManager: Shutting down and abandoning module ShaderCore (28)
[2018.12.02-14.07.02:279][475]LogModuleManager: Shutting down and abandoning module Landscape (26)
[2018.12.02-14.07.02:279][475]LogModuleManager: Shutting down and abandoning module SlateRHIRenderer (24)
[2018.12.02-14.07.02:280][475]LogModuleManager: Shutting down and abandoning module OpenGLDrv (22)
[2018.12.02-14.07.02:280][475]LogModuleManager: Shutting down and abandoning module D3D11RHI (20)
[2018.12.02-14.07.02:280][475]LogModuleManager: Shutting down and abandoning module AnimGraphRuntime (18)
[2018.12.02-14.07.02:280][475]LogModuleManager: Shutting down and abandoning module Renderer (16)
[2018.12.02-14.07.02:280][475]LogModuleManager: Shutting down and abandoning module Engine (14)
[2018.12.02-14.07.02:280][475]LogModuleManager: Shutting down and abandoning module CoreUObject (12)
[2018.12.02-14.07.02:280][475]LogModuleManager: Shutting down and abandoning module NetworkFile (10)
[2018.12.02-14.07.02:280][475]LogModuleManager: Shutting down and abandoning module CookedIterativeFile (8)
[2018.12.02-14.07.02:280][475]LogModuleManager: Shutting down and abandoning module StreamingFile (6)
[2018.12.02-14.07.02:280][475]LogModuleManager: Shutting down and abandoning module SandboxFile (4)
[2018.12.02-14.07.02:280][475]LogModuleManager: Shutting down and abandoning module PakFile (2)
[2018.12.02-14.07.02:283][475]LogExit: Exiting.
[2018.12.02-14.07.04:398][475]Log file closed, 12/02/18 23:07:04
