Log file open, 12/01/18 15:13:14
LogWindows: Failed to load 'aqProf.dll' (GetLastError=126)
LogWindows: File 'aqProf.dll' does not exist
LogWindows: Failed to load 'VtuneApi.dll' (GetLastError=126)
LogWindows: File 'VtuneApi.dll' does not exist
LogWindows: Failed to load 'VtuneApi32e.dll' (GetLastError=126)
LogWindows: File 'VtuneApi32e.dll' does not exist
LogInit: Display: Running engine for game: SinglePlayerFPS
LogPlatformFile: Not using cached read wrapper
LogTaskGraph: Started task graph with 5 named threads and 14 total threads with 3 sets of task threads.
LogStats: Stats thread started at 4.902406
LogD3D11RHI: Loaded GFSDK_Aftermath_Lib.x64.dll
LogICUInternationalization: Display: ICU TimeZone Detection - Raw Offset: +9:00, Platform Override: ''
LogPluginManager: Mounting plugin Paper2D
LogPluginManager: Mounting plugin AISupport
LogPluginManager: Mounting plugin LightPropagationVolume
LogPluginManager: Mounting plugin CLionSourceCodeAccess
LogPluginManager: Mounting plugin CodeLiteSourceCodeAccess
LogPluginManager: Mounting plugin GitSourceControl
LogPluginManager: Mounting plugin KDevelopSourceCodeAccess
LogPluginManager: Mounting plugin NullSourceCodeAccess
LogPluginManager: Mounting plugin PerforceSourceControl
LogPluginManager: Mounting plugin SubversionSourceControl
LogPluginManager: Mounting plugin UObjectPlugin
LogPluginManager: Mounting plugin VisualStudioCodeSourceCodeAccess
LogPluginManager: Mounting plugin VisualStudioSourceCodeAccess
LogPluginManager: Mounting plugin XCodeSourceCodeAccess
LogPluginManager: Mounting plugin AssetManagerEditor
LogPluginManager: Mounting plugin CryptoKeys
LogPluginManager: Mounting plugin DataValidation
LogPluginManager: Mounting plugin FacialAnimation
LogPluginManager: Mounting plugin GameplayTagsEditor
LogPluginManager: Mounting plugin MacGraphicsSwitching
LogPluginManager: Mounting plugin MeshEditor
LogPluginManager: Mounting plugin MobileLauncherProfileWizard
LogPluginManager: Mounting plugin PluginBrowser
LogPluginManager: Mounting plugin SpeedTreeImporter
LogPluginManager: Mounting plugin DatasmithContent
LogPluginManager: Mounting plugin AlembicImporter
LogPluginManager: Mounting plugin AppleImageUtils
LogPluginManager: Mounting plugin AppleVision
LogPluginManager: Mounting plugin BackChannel
LogPluginManager: Mounting plugin CharacterAI
LogPluginManager: Mounting plugin GeometryCache
LogPluginManager: Mounting plugin HTML5Networking
LogPluginManager: Mounting plugin ProxyLODPlugin
LogPluginManager: Mounting plugin MagicLeap
LogPluginManager: Mounting plugin MagicLeapEmulator
LogPluginManager: Mounting plugin MagicLeapMedia
LogPluginManager: Mounting plugin AndroidMedia
LogPluginManager: Mounting plugin AvfMedia
LogPluginManager: Mounting plugin ImgMedia
LogPluginManager: Mounting plugin LinearTimecode
LogPluginManager: Mounting plugin MediaCompositing
LogPluginManager: Mounting plugin MediaPlayerEditor
LogPluginManager: Mounting plugin WmfMedia
LogPluginManager: Mounting plugin TcpMessaging
LogPluginManager: Mounting plugin UdpMessaging
LogPluginManager: Mounting plugin ActorSequence
LogPluginManager: Mounting plugin LevelSequenceEditor
LogPluginManager: Mounting plugin MatineeToLevelSequence
LogPluginManager: Mounting plugin NetcodeUnitTest
LogPluginManager: Mounting plugin NUTUnrealEngine4
LogPluginManager: Mounting plugin OnlineSubsystemGooglePlay
LogPluginManager: Mounting plugin OnlineSubsystemIOS
LogPluginManager: Mounting plugin OnlineSubsystem
LogPluginManager: Mounting plugin OnlineSubsystemNull
LogPluginManager: Mounting plugin OnlineSubsystemUtils
LogPluginManager: Mounting plugin LauncherChunkInstaller
LogPluginManager: Mounting plugin AndroidDeviceProfileSelector
LogPluginManager: Mounting plugin AndroidMoviePlayer
LogPluginManager: Mounting plugin AndroidPermission
LogPluginManager: Mounting plugin ApexDestruction
LogPluginManager: Mounting plugin AppleMoviePlayer
LogPluginManager: Mounting plugin ArchVisCharacter
LogPluginManager: Mounting plugin AudioCapture
LogPluginManager: Mounting plugin CableComponent
LogPluginManager: Mounting plugin CustomMeshComponent
LogPluginManager: Mounting plugin EditableMesh
LogPluginManager: Mounting plugin ExampleDeviceProfileSelector
LogPluginManager: Mounting plugin GoogleCloudMessaging
LogPluginManager: Mounting plugin ImmediatePhysics
LogPluginManager: Mounting plugin IOSDeviceProfileSelector
LogPluginManager: Mounting plugin LinuxDeviceProfileSelector
LogPluginManager: Mounting plugin LocationServicesBPLibrary
LogPluginManager: Mounting plugin MobilePatchingUtils
LogPluginManager: Mounting plugin OculusVR
LogPluginManager: Plugin shader directory ../../../Engine/Plugins/Runtime/Oculus/OculusVR/Shaders found
LogPluginManager: Mapping shader source directory ../../../Engine/Plugins/Runtime/Oculus/OculusVR/Shaders to virtual directory /Plugin/OculusVR
LogPluginManager: Mounting plugin PhysXVehicles
LogPluginManager: Mounting plugin ProceduralMeshComponent
LogPluginManager: Mounting plugin RuntimePhysXCooking
LogPluginManager: Mounting plugin WindowsMoviePlayer
LogStreaming: Display: Took  1.259s to configure plugins.
LogInit: Using libcurl 7.55.1-DEV
LogInit:  - built for x86_64-pc-win32
LogInit:  - supports SSL with OpenSSL/1.0.2h
LogInit:  - supports HTTP deflate (compression) using libz 1.2.8
LogInit:  - other features:
LogInit:      CURL_VERSION_SSL
LogInit:      CURL_VERSION_LIBZ
LogInit:      CURL_VERSION_IPV6
LogInit:      CURL_VERSION_ASYNCHDNS
LogInit:      CURL_VERSION_LARGEFILE
LogInit:      CURL_VERSION_IDN
LogInit:  CurlRequestOptions (configurable via config and command line):
LogInit:  - bVerifyPeer = false  - Libcurl will NOT verify peer certificate
LogInit:  - bUseHttpProxy = false  - Libcurl will NOT use HTTP proxy
LogInit:  - bDontReuseConnections = false  - Libcurl will reuse connections
LogInit:  - CertBundlePath = nullptr  - Libcurl will use whatever was configured at build time.
LogInit:  - MaxHostConnections = 16  - Libcurl will limit the number of connections to a host
LogInit:  - LocalHostAddr = Default
LogInit:  - BufferSize = 65536
LogInit: WinSock: version 1.1 (2.2), MaxSocks=32767, MaxUdp=65467
LogInit: Build: ++UE4+Release-4.20-CL-4369336
LogInit: Engine Version: 4.20.3-4369336+++UE4+Release-4.20
LogInit: Compatible Engine Version: 4.20.0-4212847+++UE4+Release-4.20
LogInit: Net CL: 4212847
LogInit: OS: Windows 10 (), CPU: Intel(R) Core(TM) i5-4590S CPU @ 3.00GHz, GPU: NVIDIA GeForce GTX 760
LogInit: Compiled (64-bit): Sep 17 2018 12:26:19
LogInit: Compiled with Visual C++: 19.13.26129.00
LogInit: Build Configuration: Development
LogInit: Branch Name: ++UE4+Release-4.20
LogInit: Command Line:  
LogInit: Base Directory: C:/Program Files/Epic Games/UE_4.20/Engine/Binaries/Win64/
LogInit: Installed Engine Build: 1
LogDevObjectVersion: Number of dev versions registered: 20
LogDevObjectVersion:   Dev-Blueprints (B0D832E4-1F89-4F0D-ACCF-7EB736FD4AA2): 10
LogDevObjectVersion:   Dev-Build (E1C64328-A22C-4D53-A36C-8E866417BD8C): 0
LogDevObjectVersion:   Dev-Core (375EC13C-06E4-48FB-B500-84F0262A717E): 2
LogDevObjectVersion:   Dev-Editor (E4B068ED-F494-42E9-A231-DA0B2E46BB41): 24
LogDevObjectVersion:   Dev-Framework (CFFC743F-43B0-4480-9391-14DF171D2073): 34
LogDevObjectVersion:   Dev-Mobile (B02B49B5-BB20-44E9-A304-32B752E40360): 2
LogDevObjectVersion:   Dev-Networking (A4E4105C-59A1-49B5-A7C5-40C4547EDFEE): 0
LogDevObjectVersion:   Dev-Online (39C831C9-5AE6-47DC-9A44-9C173E1C8E7C): 0
LogDevObjectVersion:   Dev-Physics (78F01B33-EBEA-4F98-B9B4-84EACCB95AA2): 0
LogDevObjectVersion:   Dev-Platform (6631380F-2D4D-43E0-8009-CF276956A95A): 0
LogDevObjectVersion:   Dev-Rendering (12F88B9F-8875-4AFC-A67C-D90C383ABD29): 26
LogDevObjectVersion:   Dev-Sequencer (7B5AE74C-D270-4C10-A958-57980B212A5A): 9
LogDevObjectVersion:   Dev-VR (D7296918-1DD6-4BDD-9DE2-64A83CC13884): 2
LogDevObjectVersion:   Dev-LoadTimes (C2A15278-BFE7-4AFE-6C17-90FF531DF755): 1
LogDevObjectVersion:   Private-Geometry (6EACA3D4-40EC-4CC1-B786-8BED09428FC5): 3
LogDevObjectVersion:   Dev-AnimPhys (29E575DD-E0A3-4627-9D10-D276232CDCEA): 17
LogDevObjectVersion:   Dev-ReflectionCapture (6B266CEC-1EC7-4B8F-A30B-E4D90942FC07): 1
LogDevObjectVersion:   Dev-Automation (0DF73D61-A23F-47EA-B727-89E90C41499A): 1
LogDevObjectVersion:   FortniteMain (601D1886-AC64-4F84-AA16-D3DE0DEAC7D6): 12
LogDevObjectVersion:   Dev-Enterprise (9DFFBCD6-494F-0158-E221-12823C92A888): 1
LogStreaming: Display: Took  0.120s to delete old logs.
LogInit: Presizing for max 8388607 objects, including 0 objects not considered by GC, pre-allocating 0 bytes for permanent pool.
LogInit: Object subsystem initialized
[2018.12.01-06.13.17:856][  0]LogInit: Selected Device Profile: [Windows]
[2018.12.01-06.13.17:856][  0]LogInit: Applying CVar settings loaded from the selected device profile: [Windows]
[2018.12.01-06.13.17:933][  0]LogHAL: Display: Platform has ~ 8 GB [8536846336 / 8589934592 / 8], which maps to Default [LargestMinGB=32, LargerMinGB=12, DefaultMinGB=8, SmallerMinGB=6, SmallestMinGB=0)
[2018.12.01-06.13.17:948][  0]LogInit: Setting Device Profile CVar: [[r.Vulkan.UseRealUBs:1]]
[2018.12.01-06.13.17:950][  0]LogInit: Going up to parent DeviceProfile []
[2018.12.01-06.13.18:040][  0]LogInit: Computer: KAI-PC
[2018.12.01-06.13.18:040][  0]LogInit: User: kai
[2018.12.01-06.13.18:040][  0]LogInit: CPU Page size=4096, Cores=4
[2018.12.01-06.13.18:040][  0]LogInit: High frequency timer resolution =2.929696 MHz
[2018.12.01-06.13.18:040][  0]LogMemory: Memory total: Physical=8.0GB (8GB approx)
[2018.12.01-06.13.18:040][  0]LogMemory: Platform Memory Stats for Windows
[2018.12.01-06.13.18:040][  0]LogMemory: Process Physical Memory: 100.69 MB used, 100.69 MB peak
[2018.12.01-06.13.18:040][  0]LogMemory: Process Virtual Memory: 100.43 MB used, 100.43 MB peak
[2018.12.01-06.13.18:040][  0]LogMemory: Physical Memory: 3114.37 MB used,  5027.00 MB free, 8141.37 MB total
[2018.12.01-06.13.18:040][  0]LogMemory: Virtual Memory: 4640.09 MB used,  5027.00 MB free, 134217728.00 MB total
[2018.12.01-06.13.18:984][  0]LogInit: Overriding language with editor language configuration option (en-US).
[2018.12.01-06.13.18:984][  0]LogInit: Overriding locale with editor locale configuration option (en-US).
[2018.12.01-06.13.19:075][  0]LogTextLocalizationManager: No specific localization for 'en-US' exists, so the 'en' localization will be used.
[2018.12.01-06.13.20:119][  0]LogStreaming: Display: Took  1.097s to InitEngineTextLocalization.
[2018.12.01-06.13.20:126][  0]LogInit: Setting process to per monitor DPI aware
[2018.12.01-06.13.22:126][  0]LogSlate: New Slate User Created.  User Index 0, Is Virtual User: 0
[2018.12.01-06.13.22:126][  0]LogSlate: Slate User Registered.  User Index 0, Is Virtual User: 0
[2018.12.01-06.13.25:391][  0]LogD3D11RHI: D3D11 adapters:
[2018.12.01-06.13.25:958][  0]LogD3D11RHI:    0. 'NVIDIA GeForce GTX 760' (Feature Level 11_0)
[2018.12.01-06.13.25:958][  0]LogD3D11RHI:       2007/0/4070 MB DedicatedVideo/DedicatedSystem/SharedSystem, Outputs:2, VendorId:0x10de
[2018.12.01-06.13.26:046][  0]LogD3D11RHI:    1. 'Microsoft Basic Render Driver' (Feature Level 11_0)
[2018.12.01-06.13.26:046][  0]LogD3D11RHI:       0/0/4070 MB DedicatedVideo/DedicatedSystem/SharedSystem, Outputs:0, VendorId:0x1414
[2018.12.01-06.13.26:046][  0]LogD3D11RHI: Chosen D3D11 Adapter: 0
[2018.12.01-06.13.26:060][  0]LogD3D11RHI: Creating new Direct3DDevice
[2018.12.01-06.13.26:061][  0]LogD3D11RHI:     GPU DeviceId: 0x1187 (for the marketing name, search the web for "GPU Device Id")
[2018.12.01-06.13.26:069][  0]LogWindows: EnumDisplayDevices:
[2018.12.01-06.13.26:070][  0]LogWindows:    0. 'NVIDIA GeForce GTX 760' (P:0 D:1)
[2018.12.01-06.13.26:070][  0]LogWindows:    1. 'NVIDIA GeForce GTX 760' (P:1 D:1)
[2018.12.01-06.13.26:070][  0]LogWindows:    2. 'NVIDIA GeForce GTX 760' (P:0 D:0)
[2018.12.01-06.13.26:070][  0]LogWindows:    3. 'NVIDIA GeForce GTX 760' (P:0 D:0)
[2018.12.01-06.13.26:070][  0]LogWindows: DebugString: FoundDriverCount:4 
[2018.12.01-06.13.26:070][  0]LogD3D11RHI:     Adapter Name: NVIDIA GeForce GTX 760
[2018.12.01-06.13.26:078][  0]LogD3D11RHI:   Driver Version: 398.36 (internal:24.21.13.9836, unified:398.36)
[2018.12.01-06.13.26:078][  0]LogD3D11RHI:      Driver Date: 6-24-2018
[2018.12.01-06.13.26:078][  0]LogRHI: Texture pool is 1404 MB (70% of 2007 MB)
[2018.12.01-06.13.26:134][  0]LogD3D11RHI: Async texture creation enabled
[2018.12.01-06.13.27:315][  0]LogD3D11RHI: GPU Timing Frequency: 1000.000000 (Debug: 2 7)
[2018.12.01-06.13.27:476][  0]LogShaderCompilers: Guid format shader working directory is -25 characters bigger than the processId version (../../../../../../Users/kai/Documents/Unreal Projects/SinglePlayerFPS/Intermediate/Shaders/WorkingDirectory/2224/).
[2018.12.01-06.13.27:477][  0]LogShaderCompilers: Cleaned the shader compiler working directory 'C:/Users/kai/AppData/Local/Temp/UnrealShaderWorkingDir/93775B9140247A6227BFED905E6F3A47/'.
[2018.12.01-06.13.35:330][  0]LogTemp: Display: Loaded TP AllDesktopTargetPlatform
[2018.12.01-06.13.35:356][  0]LogTemp: Display: Loaded TP MacClientTargetPlatform
[2018.12.01-06.13.35:371][  0]LogTemp: Display: Loaded TP MacNoEditorTargetPlatform
[2018.12.01-06.13.35:385][  0]LogTemp: Display: Loaded TP MacServerTargetPlatform
[2018.12.01-06.13.35:513][  0]LogTemp: Display: Loaded TP MacTargetPlatform
[2018.12.01-06.13.35:568][  0]LogTemp: Display: Loaded TP WindowsClientTargetPlatform
[2018.12.01-06.13.35:600][  0]LogTemp: Display: Loaded TP WindowsNoEditorTargetPlatform
[2018.12.01-06.13.35:622][  0]LogTemp: Display: Loaded TP WindowsServerTargetPlatform
[2018.12.01-06.13.35:633][  0]LogTemp: Display: Loaded TP WindowsTargetPlatform
[2018.12.01-06.13.35:753][  0]LogTemp: Display: Loaded TP AndroidTargetPlatform
[2018.12.01-06.13.35:753][  0]LogTemp: Display: Loaded TP AndroidTargetPlatform
[2018.12.01-06.13.35:753][  0]LogTemp: Display: Loaded TP AndroidTargetPlatform
[2018.12.01-06.13.35:753][  0]LogTemp: Display: Loaded TP AndroidTargetPlatform
[2018.12.01-06.13.35:753][  0]LogTemp: Display: Loaded TP AndroidTargetPlatform
[2018.12.01-06.13.35:754][  0]LogTemp: Display: Loaded TP AndroidTargetPlatform
[2018.12.01-06.13.35:754][  0]LogTemp: Display: Loaded TP AndroidTargetPlatform
[2018.12.01-06.13.35:754][  0]LogTemp: Display: Loaded TP AndroidTargetPlatform
[2018.12.01-06.13.35:754][  0]LogTemp: Display: Loaded TP AndroidTargetPlatform
[2018.12.01-06.13.35:754][  0]LogTemp: Display: Loaded TP AndroidTargetPlatform
[2018.12.01-06.13.35:754][  0]LogTemp: Display: Loaded TP AndroidTargetPlatform
[2018.12.01-06.13.35:754][  0]LogTemp: Display: Loaded TP AndroidTargetPlatform
[2018.12.01-06.13.35:754][  0]LogTemp: Display: Loaded TP AndroidTargetPlatform
[2018.12.01-06.13.35:754][  0]LogTemp: Display: Loaded TP AndroidTargetPlatform
[2018.12.01-06.13.35:754][  0]LogTemp: Display: Loaded TP AndroidTargetPlatform
[2018.12.01-06.13.35:754][  0]LogTemp: Display: Loaded TP AndroidTargetPlatform
[2018.12.01-06.13.35:754][  0]LogTemp: Display: Loaded TP AndroidTargetPlatform
[2018.12.01-06.13.35:754][  0]LogTemp: Display: Loaded TP AndroidTargetPlatform
[2018.12.01-06.13.35:943][  0]LogTemp: Display: Loaded TP HTML5TargetPlatform
[2018.12.01-06.13.36:131][  0]LogTemp: Display: Loaded TP IOSTargetPlatform
[2018.12.01-06.13.36:131][  0]LogTemp: Display: Loaded TP IOSTargetPlatform
[2018.12.01-06.13.36:180][  0]LogTemp: Display: Loaded TP TVOSTargetPlatform
[2018.12.01-06.13.36:180][  0]LogTemp: Display: Loaded TP TVOSTargetPlatform
[2018.12.01-06.13.36:225][  0]LogTemp: Display: Loaded TP LinuxClientTargetPlatform
[2018.12.01-06.13.36:265][  0]LogTemp: Display: Loaded TP LinuxNoEditorTargetPlatform
[2018.12.01-06.13.36:291][  0]LogTemp: Display: Loaded TP LinuxServerTargetPlatform
[2018.12.01-06.13.36:305][  0]LogTemp: Display: Loaded TP LinuxTargetPlatform
[2018.12.01-06.13.36:324][  0]LogTemp: Display: Loaded TP LuminTargetPlatform
[2018.12.01-06.13.36:324][  0]LogTargetPlatformManager: Display: Building Assets For Windows
[2018.12.01-06.13.37:246][  0]LogXGEController: Cleaning working directory: C:/Users/kai/AppData/Local/Temp/UnrealXGEWorkingDir/
[2018.12.01-06.13.37:246][  0]LogXGEController: Cannot use XGE Controller as Incredibuild is not installed on this machine.
[2018.12.01-06.13.37:246][  0]LogShaderCompilers: Cannot use XGE Shader Compiler as Incredibuild is not installed on this machine.
[2018.12.01-06.13.37:246][  0]LogShaderCompilers: Display: Using Local Shader Compiler.
[2018.12.01-06.13.41:983][  0]LogDerivedDataCache: Display: Max Cache Size: 512 MB
[2018.12.01-06.13.43:397][  0]LogDerivedDataCache: Loaded boot cache 1.38s 71MB C:/Users/kai/AppData/Local/UnrealEngine/4.20/DerivedDataCache/Boot.ddc.
[2018.12.01-06.13.43:398][  0]LogDerivedDataCache: Display: Loaded Boot cache: C:/Users/kai/AppData/Local/UnrealEngine/4.20/DerivedDataCache/Boot.ddc
[2018.12.01-06.13.43:398][  0]LogDerivedDataCache: FDerivedDataBackendGraph:  Pak pak cache file ../../../../../../Users/kai/Documents/Unreal Projects/SinglePlayerFPS/DerivedDataCache/DDC.ddp not found, will not use a pak cache.
[2018.12.01-06.13.43:398][  0]LogDerivedDataCache: Unable to find inner node Pak for hierarchical cache Hierarchy.
[2018.12.01-06.13.43:398][  0]LogDerivedDataCache: FDerivedDataBackendGraph:  CompressedPak pak cache file ../../../../../../Users/kai/Documents/Unreal Projects/SinglePlayerFPS/DerivedDataCache/Compressed.ddp not found, will not use a pak cache.
[2018.12.01-06.13.43:398][  0]LogDerivedDataCache: Unable to find inner node CompressedPak for hierarchical cache Hierarchy.
[2018.12.01-06.13.43:527][  0]LogDerivedDataCache: Display: Pak cache opened for reading ../../../Engine/DerivedDataCache/Compressed.ddp.
[2018.12.01-06.13.43:567][  0]LogDerivedDataCache: Using Local data cache path C:/Users/kai/AppData/Local/UnrealEngine/Common/DerivedDataCache: Writable
[2018.12.01-06.13.43:567][  0]LogDerivedDataCache: Shared data cache path not found in *engine.ini, will not use an Shared cache.
[2018.12.01-06.13.43:567][  0]LogDerivedDataCache: Unable to find inner node Shared for hierarchical cache Hierarchy.
[2018.12.01-06.13.43:691][  0]LogMaterial: Verifying Global Shaders for PCD3D_SM5
[2018.12.01-06.13.43:767][  0]LogSlate: Using FreeType 2.6.0
[2018.12.01-06.13.43:890][  0]LogSlate: SlateFontServices - WITH_FREETYPE: 1, WITH_HARFBUZZ: 1
[2018.12.01-06.13.46:074][  0]LogAssetRegistry: FAssetRegistry took 0.0275 seconds to start up
[2018.12.01-06.13.52:325][  0]LogInit: Selected Device Profile: [Windows]
[2018.12.01-06.13.57:557][  0]LogSimplygon: Simplygon DLL not present - disabling.
[2018.12.01-06.13.57:961][  0]LogMeshReduction: Using SimplygonSwarm for distributed automatic mesh merging
[2018.12.01-06.13.57:961][  0]LogMeshReduction: Using ProxyLODMeshReduction for automatic mesh merging
[2018.12.01-06.13.57:977][  0]LogMeshReduction: Using QuadricMeshReduction for automatic static mesh reduction
[2018.12.01-06.13.57:977][  0]LogMeshReduction: No automatic skeletal mesh reduction module available
[2018.12.01-06.13.59:301][  0]LogNetVersion: SinglePlayerFPS 1.0.0, NetCL: 4212847, EngineNetVer: 5, GameNetVer: 0 (Checksum: 2568942666)
[2018.12.01-06.14.13:559][  0]LogPackageLocalizationCache: Processed 10 localized package path(s) for 2 prioritized culture(s) in 0.372682 seconds
[2018.12.01-06.14.13:595][  0]LogUObjectArray: 38200 objects as part of root set at end of initial load.
[2018.12.01-06.14.13:595][  0]LogUObjectAllocator: 6653376 out of 0 bytes used by permanent object pool.
[2018.12.01-06.14.13:595][  0]LogUObjectArray: CloseDisregardForGC: 0/0 objects in disregard for GC pool
[2018.12.01-06.14.47:420][  0]LogTcpMessaging: Initializing TcpMessaging bridge
[2018.12.01-06.14.47:485][  0]LogUdpMessaging: Initializing bridge on interface 0.0.0.0:0 to multicast group 230.0.0.1:6666.
[2018.12.01-06.14.50:050][  0]SourceControl: Source control is disabled
[2018.12.01-06.14.50:050][  0]SourceControl: Source control is disabled
[2018.12.01-06.14.50:159][  0]SourceControl: Source control is disabled
[2018.12.01-06.14.50:227][  0]SourceControl: Source control is disabled
[2018.12.01-06.14.52:327][  0]LogAndroidPermission: UAndroidPermissionCallbackProxy::GetInstance
[2018.12.01-06.14.53:288][  0]LogOcInput: OculusInput pre-init called
[2018.12.01-06.14.53:928][  0]LogEngine: Initializing Engine...
[2018.12.01-06.14.53:975][  0]LogStats: UGameplayTagsManager::ConstructGameplayTagTree: ImportINI prefixes -  0.000 s
[2018.12.01-06.14.53:975][  0]LogStats: UGameplayTagsManager::ConstructGameplayTagTree: Construct from data asset -  0.000 s
[2018.12.01-06.14.53:975][  0]LogStats: UGameplayTagsManager::ConstructGameplayTagTree: ImportINI -  0.000 s
[2018.12.01-06.14.53:975][  0]LogStats: UGameplayTagsManager::ConstructGameplayTagTree: GameplayTagTreeChangedEvent.Broadcast -  0.000 s
[2018.12.01-06.14.55:125][  0]LogInit: Initializing FReadOnlyCVARCache
[2018.12.01-06.14.55:474][  0]LogAIModule: Creating AISystem for world Untitled
[2018.12.01-06.14.55:689][  0]LogInit: XAudio2 using 'ヘッドセット イヤフォン (3- Razer Kraken 7.1 Chroma)' : 2 channels at 48 kHz using 16 bits per sample (channel mask 0x3)
[2018.12.01-06.14.55:974][  0]LogInit: FAudioDevice initialized.
[2018.12.01-06.14.55:974][  0]LogNetVersion: Set ProjectVersion to 1.0.0.0. Version Checksum will be recalculated on next use.
[2018.12.01-06.14.56:122][  0]LogDerivedDataCache: Saved boot cache 0.15s 71MB C:/Users/kai/AppData/Local/UnrealEngine/4.20/DerivedDataCache/Boot.ddc.
[2018.12.01-06.14.56:124][  0]LogInit: Texture streaming: Enabled
[2018.12.01-06.14.56:387][  0]LogEngineSessionManager: EngineSessionManager initialized
[2018.12.01-06.14.56:515][  0]LogInit: Transaction tracking system initialized
[2018.12.01-06.14.56:782][  0]BlueprintLog: New page: Editor Load
[2018.12.01-06.14.57:832][  0]LocalizationService: Localization service is disabled
[2018.12.01-06.15.02:694][  0]LogFileCache: Scanning file cache for directory 'C:/Users/kai/Documents/Unreal Projects/SinglePlayerFPS/Content/' took 0.05s
[2018.12.01-06.15.02:694][  0]LogCook: Display: Max memory allowance for cook 16384mb min free memory 0mb
[2018.12.01-06.15.02:719][  0]LogCook: Display: Mobile HDR setting 1
[2018.12.01-06.15.02:764][  0]LogGameplayTags: Display: UGameplayTagsManager::DoneAddingNativeTags. DelegateIsBound: 0
[2018.12.01-06.15.02:764][  0]LogStats: UGameplayTagsManager::ConstructGameplayTagTree: ImportINI prefixes -  0.000 s
[2018.12.01-06.15.02:764][  0]LogStats: UGameplayTagsManager::ConstructGameplayTagTree: Construct from data asset -  0.000 s
[2018.12.01-06.15.02:764][  0]LogStats: UGameplayTagsManager::ConstructGameplayTagTree: ImportINI -  0.000 s
[2018.12.01-06.15.02:764][  0]LogStats: UGameplayTagsManager::ConstructGameplayTagTree: GameplayTagTreeChangedEvent.Broadcast -  0.000 s
[2018.12.01-06.15.08:036][  0]SourceControl: Source control is disabled
[2018.12.01-06.15.08:046][  0]Cmd: MAP LOAD FILE="../../../../../../Users/kai/Documents/Unreal Projects/SinglePlayerFPS/Content/Levels/AITestMap.umap" TEMPLATE=0 SHOWPROGRESS=1 FEATURELEVEL=3
[2018.12.01-06.15.08:133][  0]LightingResults: New page: Lighting Build
[2018.12.01-06.15.08:232][  0]MapCheck: New page: Map Check
[2018.12.01-06.15.08:232][  0]LightingResults: New page: Lighting Build
[2018.12.01-06.15.36:478][  0]LogAIModule: Creating AISystem for world AITestMap
[2018.12.01-06.15.37:181][  0]LogEditorServer: Finished looking for orphan Actors (0.000 secs)
[2018.12.01-06.15.37:338][  0]Cmd: MAP CHECKDEP NOCLEARLOG
[2018.12.01-06.15.37:421][  0]MapCheck: Map check complete: 0 Error(s), 0 Warning(s), took 82.929ms to complete.
[2018.12.01-06.15.37:421][  0]LogFileHelpers: Loading map 'AITestMap' took 29.381
[2018.12.01-06.15.40:083][  0]LogSlate: Updating window title bar state: overlay mode, drag disabled, window buttons hidden, title bar hidden
[2018.12.01-06.15.40:096][  0]LogSlate: Updating window title bar state: overlay mode, drag disabled, window buttons hidden, title bar hidden
[2018.12.01-06.15.40:106][  0]LogSlate: Updating window title bar state: overlay mode, drag disabled, window buttons hidden, title bar hidden
[2018.12.01-06.15.40:114][  0]LogSlate: Updating window title bar state: overlay mode, drag disabled, window buttons hidden, title bar hidden
[2018.12.01-06.15.40:334][  0]LogCollectionManager: Loaded 0 collections in 0.001886 seconds
[2018.12.01-06.15.40:448][  0]LogFileCache: Scanning file cache for directory 'C:/Users/kai/Documents/Unreal Projects/SinglePlayerFPS/Saved/Collections/' took 0.01s
[2018.12.01-06.15.40:448][  0]LogFileCache: Scanning file cache for directory 'C:/Users/kai/Documents/Unreal Projects/SinglePlayerFPS/Content/Developers/kai/Collections/' took 0.01s
[2018.12.01-06.15.40:448][  0]LogFileCache: Scanning file cache for directory 'C:/Users/kai/Documents/Unreal Projects/SinglePlayerFPS/Content/Collections/' took 0.01s
[2018.12.01-06.15.40:448][  0]LogCollectionManager: Rebuilt the GUID cache for 0 collections in 0.000000 seconds
[2018.12.01-06.15.40:469][  0]LogContentBrowser: Native class hierarchy populated in 0.0101 seconds. Added 2586 classes and 607 folders.
[2018.12.01-06.15.40:517][  0]LogContentBrowser: Native class hierarchy updated for 'WidgetCarousel' in 0.0003 seconds. Added 0 classes and 0 folders.
[2018.12.01-06.15.42:670][  0]LogContentBrowser: Native class hierarchy updated for 'AddContentDialog' in 0.0002 seconds. Added 0 classes and 0 folders.
[2018.12.01-06.15.42:781][  0]LogSlate: Took 0.059364 seconds to synchronously load lazily loaded font '../../../Engine/Content/Slate/Fonts/Roboto-Regular.ttf' (155K)
[2018.12.01-06.15.42:901][  0]LogSlate: Took 0.078546 seconds to synchronously load lazily loaded font '../../../Engine/Content/Slate/Fonts/Roboto-Bold.ttf' (160K)
[2018.12.01-06.15.43:730][  0]LogRenderer: Reallocating scene render targets to support 1352x964 Format 10 NumSamples 1 (Frame:1).
[2018.12.01-06.15.44:902][  0]LogContentBrowser: Native class hierarchy updated for 'HierarchicalLODOutliner' in 0.0003 seconds. Added 0 classes and 0 folders.
[2018.12.01-06.15.44:902][  0]LogLoad: (Engine Initialization) Total time: 177.24 seconds
[2018.12.01-06.15.44:902][  0]LogLoad: (Engine Initialization) Total Blueprint compile time: 0.00 seconds
[2018.12.01-06.15.44:927][  0]LogWindowsTextInputMethodSystem: Display: IME system now deactivated.
[2018.12.01-06.15.45:065][  0]LogContentStreaming: Texture pool size now 3000 MB
[2018.12.01-06.15.45:195][  2]LogAssetRegistry: Asset discovery search completed in 119.1435 seconds
[2018.12.01-06.15.45:198][  2]LogCollectionManager: Rebuilt the object cache for 0 collections in 0.000000 seconds (found 0 objects)
[2018.12.01-06.15.45:198][  2]LogCollectionManager: Fixed up redirectors for 0 collections in 0.000059 seconds (updated 0 objects)
[2018.12.01-06.15.46:154][ 70]LogSlate: Took 0.140902 seconds to synchronously load lazily loaded font '../../../Engine/Content/Slate/Fonts/Roboto-Light.ttf' (167K)
[2018.12.01-06.15.50:349][566]LogContentStreaming: Texture: "LightMapTexture2D /Game/Levels/AITestMap_BuiltData.AITestMap_BuiltData:HQ_Lightmap1_1", ResidentMips: 7/11, RequestedMips: 11, WantedMips: 11, Boost: 0.2 (updated)
[2018.12.01-06.42.05:696][856]LogSlate: FSceneViewport::OnFocusLost() reason 0
[2018.12.01-07.05.02:918][ 45]LogSlate: FSceneViewport::OnFocusLost() reason 0
[2018.12.01-07.05.03:010][ 55]LogTemp: Repeating last play command: New Editor Window (PIE)
[2018.12.01-07.05.03:159][ 55]LogPlayLevel: PlayLevel: No blueprints needed recompiling
[2018.12.01-07.05.03:441][ 55]PIE: New page: PIE session: AITestMap (Dec 2, 2018, 1:05:03 AM)
[2018.12.01-07.05.03:458][ 55]LogPlayLevel: Creating play world package: /Game/Levels/UEDPIE_0_AITestMap
[2018.12.01-07.05.03:609][ 55]LogPlayLevel: PIE: StaticDuplicateObject took: (0.150617s)
[2018.12.01-07.05.03:610][ 55]LogAIModule: Creating AISystem for world AITestMap
[2018.12.01-07.05.03:633][ 55]LogPlayLevel: PIE: World Init took: (0.023905s)
[2018.12.01-07.05.03:642][ 55]LogPlayLevel: PIE: Created PIE world by copying editor world from /Game/Levels/AITestMap.AITestMap to /Game/Levels/UEDPIE_0_AITestMap.AITestMap (0.182745s)
[2018.12.01-07.05.03:734][ 55]LogInit: XAudio2 using 'ヘッドセット イヤフォン (3- Razer Kraken 7.1 Chroma)' : 2 channels at 48 kHz using 16 bits per sample (channel mask 0x3)
[2018.12.01-07.05.03:762][ 55]LogInit: FAudioDevice initialized.
[2018.12.01-07.05.03:808][ 55]LogSlate: Updating window title bar state: overlay mode, drag disabled, window buttons hidden, title bar hidden
[2018.12.01-07.05.03:970][ 55]LogLoad: Game class is 'BP_TestGM_C'
[2018.12.01-07.05.04:197][ 55]LogWorld: Bringing World /Game/Levels/UEDPIE_0_AITestMap.AITestMap up for play (max tick rate 0) at 2018.12.01-16.05.04
[2018.12.01-07.05.04:515][ 55]LogWorld: Bringing up level for play took: 0.343117
[2018.12.01-07.05.05:005][ 55]LogContentBrowser: Native class hierarchy updated for 'MovieSceneCapture' in 0.0088 seconds. Added 10 classes and 0 folders.
[2018.12.01-07.05.05:418][ 55]PIE: Play in editor start time for /Game/Levels/UEDPIE_0_AITestMap 2.17
[2018.12.01-07.05.50:572][123]LogSlate: Updating window title bar state: overlay mode, drag disabled, window buttons hidden, title bar hidden
[2018.12.01-07.05.50:620][123]LogSlate: Window 'SinglePlayerFPS Game Preview Standalone (64-bit/PCD3D_SM5)' being destroyed
[2018.12.01-07.05.50:777][123]LogPlayLevel: Display: Shutting down PIE online subsystems
[2018.12.01-07.05.50:947][124]LogPlayLevel: Display: Destroying online subsystem :Context_1
[2018.12.01-07.05.57:418][208]LogSavePackage: Moving '../../../../../../Users/kai/Documents/Unreal Projects/SinglePlayerFPS/Saved/AITestMap7AB9BF794024BD0B055FAFA1CADA5F03.tmp' to '../../../../../../Users/kai/Documents/Unreal Projects/SinglePlayerFPS/Content/Levels/AITestMap.umap'
[2018.12.01-07.05.57:631][208]Cmd: OBJ SAVEPACKAGE PACKAGE="/Game/Levels/AITestMap_BuiltData" FILE="../../../../../../Users/kai/Documents/Unreal Projects/SinglePlayerFPS/Content/Levels/AITestMap_BuiltData.uasset" SILENT=true
[2018.12.01-07.05.57:845][208]LogSavePackage: Moving '../../../../../../Users/kai/Documents/Unreal Projects/SinglePlayerFPS/Saved/AITestMap_BuiltDataAB78A6834A6D540AC19349A4D496C29F.tmp' to '../../../../../../Users/kai/Documents/Unreal Projects/SinglePlayerFPS/Content/Levels/AITestMap_BuiltData.uasset'
[2018.12.01-07.05.58:854][276]LogSlate: Window 'SinglePlayerFPS - Unreal Editor' being destroyed
[2018.12.01-07.05.59:505][277]Cmd: QUIT_EDITOR
[2018.12.01-07.06.00:720][277]LogWindowsTextInputMethodSystem: Display: IME system now deactivated.
[2018.12.01-07.06.00:775][277]LogExit: Preparing to exit.
[2018.12.01-07.06.01:598][277]LogExit: Editor shut down
[2018.12.01-07.06.01:599][277]LogExit: Transaction tracking system shut down
[2018.12.01-07.06.05:209][277]LogExit: Object subsystem successfully closed.
[2018.12.01-07.06.05:356][277]LogShaderCompilers: Display: Shaders left to compile 0
[2018.12.01-07.06.05:373][277]LogD3D11RHI: Shutdown
[2018.12.01-07.06.05:373][277]LogD3D11RHI: CleanupD3DDevice
[2018.12.01-07.06.05:392][277]LogD3D11RHI: ~FD3D11DynamicRHI
[2018.12.01-07.06.07:742][277]LogModuleManager: Shutting down and abandoning module MovieSceneCapture (616)
[2018.12.01-07.06.07:742][277]LogModuleManager: Shutting down and abandoning module Voice (614)
[2018.12.01-07.06.07:748][277]LogModuleManager: Shutting down and abandoning module HierarchicalLODOutliner (612)
[2018.12.01-07.06.07:748][277]LogModuleManager: Shutting down and abandoning module AddContentDialog (610)
[2018.12.01-07.06.07:785][277]LogModuleManager: Shutting down and abandoning module WidgetCarousel (609)
[2018.12.01-07.06.07:785][277]LogModuleManager: Shutting down and abandoning module EditorWidgets (606)
[2018.12.01-07.06.07:785][277]LogModuleManager: Shutting down and abandoning module CollectionManager (604)
[2018.12.01-07.06.07:812][277]LogModuleManager: Shutting down and abandoning module SceneOutliner (602)
[2018.12.01-07.06.07:828][277]LogModuleManager: Shutting down and abandoning module StatsViewer (600)
[2018.12.01-07.06.07:846][277]LogModuleManager: Shutting down and abandoning module FoliageEdit (598)
[2018.12.01-07.06.07:863][277]LogModuleManager: Shutting down and abandoning module LandscapeEditor (596)
[2018.12.01-07.06.08:038][277]LogModuleManager: Shutting down and abandoning module MeshPaintMode (594)
[2018.12.01-07.06.08:084][277]LogModuleManager: Shutting down and abandoning module SceneDepthPickerMode (592)
[2018.12.01-07.06.08:084][277]LogModuleManager: Shutting down and abandoning module ActorPickerMode (590)
[2018.12.01-07.06.08:084][277]LogModuleManager: Shutting down and abandoning module GeometryMode (588)
[2018.12.01-07.06.08:084][277]LogModuleManager: Shutting down and abandoning module TextureAlignMode (586)
[2018.12.01-07.06.08:084][277]LogModuleManager: Shutting down and abandoning module BspMode (584)
[2018.12.01-07.06.08:084][277]LogModuleManager: Shutting down and abandoning module PIEPreviewDeviceProfileSelector (582)
[2018.12.01-07.06.08:107][277]LogModuleManager: Shutting down and abandoning module SequenceRecorderSections (580)
[2018.12.01-07.06.08:121][277]LogModuleManager: Shutting down and abandoning module AutomationWorker (578)
[2018.12.01-07.06.08:121][277]LogModuleManager: Shutting down and abandoning module AudioCaptureEditor (576)
[2018.12.01-07.06.08:121][277]LogModuleManager: Shutting down and abandoning module SequenceRecorder (575)
[2018.12.01-07.06.08:169][277]LogModuleManager: Shutting down and abandoning module MatineeToLevelSequence (572)
[2018.12.01-07.06.08:192][277]LogModuleManager: Shutting down and abandoning module LevelSequenceEditor (570)
[2018.12.01-07.06.08:292][277]LogModuleManager: Shutting down and abandoning module PlacementMode (569)
[2018.12.01-07.06.08:292][277]LogModuleManager: Shutting down and abandoning module MaterialEditor (568)
[2018.12.01-07.06.08:644][277]LogModuleManager: Shutting down and abandoning module WmfMediaFactory (564)
[2018.12.01-07.06.08:644][277]LogModuleManager: Shutting down and abandoning module WmfMediaEditor (562)
[2018.12.01-07.06.08:644][277]LogModuleManager: Shutting down and abandoning module MediaPlayerEditor (560)
[2018.12.01-07.06.08:706][277]LogModuleManager: Shutting down and abandoning module OpenExrWrapper (558)
[2018.12.01-07.06.08:706][277]LogModuleManager: Shutting down and abandoning module ImgMediaFactory (556)
[2018.12.01-07.06.08:706][277]LogModuleManager: Shutting down and abandoning module ImgMediaEditor (554)
[2018.12.01-07.06.08:706][277]LogModuleManager: Shutting down and abandoning module AvfMediaFactory (552)
[2018.12.01-07.06.08:706][277]LogModuleManager: Shutting down and abandoning module AvfMediaEditor (550)
[2018.12.01-07.06.08:706][277]LogModuleManager: Shutting down and abandoning module AndroidMediaFactory (548)
[2018.12.01-07.06.08:706][277]LogModuleManager: Shutting down and abandoning module AndroidMediaEditor (546)
[2018.12.01-07.06.08:706][277]LogModuleManager: Shutting down and abandoning module MagicLeapCameraPreviewFactory (544)
[2018.12.01-07.06.08:706][277]LogModuleManager: Shutting down and abandoning module MagicLeapMediaFactory (542)
[2018.12.01-07.06.08:706][277]LogModuleManager: Shutting down and abandoning module MagicLeapMediaEditor (540)
[2018.12.01-07.06.08:706][277]LogModuleManager: Shutting down and abandoning module CharacterAI (538)
[2018.12.01-07.06.08:706][277]LogModuleManager: Shutting down and abandoning module SmartSnapping (536)
[2018.12.01-07.06.08:706][277]LogModuleManager: Shutting down and abandoning module SessionServices (534)
[2018.12.01-07.06.08:706][277]LogModuleManager: Shutting down and abandoning module ViewportSnapping (532)
[2018.12.01-07.06.08:706][277]LogModuleManager: Shutting down and abandoning module ViewportInteraction (530)
[2018.12.01-07.06.08:706][277]LogModuleManager: Shutting down and abandoning module ClothPainter (528)
[2018.12.01-07.06.08:830][277]LogModuleManager: Shutting down and abandoning module SkeletalMeshEditor (527)
[2018.12.01-07.06.08:908][277]LogModuleManager: Shutting down and abandoning module LogVisualizer (524)
[2018.12.01-07.06.08:985][277]LogModuleManager: Shutting down and abandoning module IntroTutorials (522)
[2018.12.01-07.06.09:007][277]LogModuleManager: Shutting down and abandoning module GameProjectGeneration (521)
[2018.12.01-07.06.09:018][277]LogModuleManager: Shutting down and abandoning module LuminPlatformEditor (518)
[2018.12.01-07.06.09:018][277]LogModuleManager: Shutting down and abandoning module IOSPlatformEditor (516)
[2018.12.01-07.06.09:040][277]LogModuleManager: Shutting down and abandoning module HTML5PlatformEditor (514)
[2018.12.01-07.06.09:040][277]LogModuleManager: Shutting down and abandoning module AndroidPlatformEditor (512)
[2018.12.01-07.06.09:040][277]LogModuleManager: Shutting down and abandoning module AndroidDeviceDetection (511)
[2018.12.01-07.06.09:662][277]LogModuleManager: Shutting down and abandoning module WindowsPlatformEditor (508)
[2018.12.01-07.06.09:662][277]LogModuleManager: Shutting down and abandoning module LuminRuntimeSettings (506)
[2018.12.01-07.06.09:662][277]LogModuleManager: Shutting down and abandoning module IOSRuntimeSettings (504)
[2018.12.01-07.06.09:662][277]LogModuleManager: Shutting down and abandoning module AndroidRuntimeSettings (502)
[2018.12.01-07.06.09:662][277]LogModuleManager: Shutting down and abandoning module InputBindingEditor (500)
[2018.12.01-07.06.09:714][277]LogModuleManager: Shutting down and abandoning module MergeActors (498)
[2018.12.01-07.06.09:732][277]LogModuleManager: Shutting down and abandoning module LocalizationDashboard (496)
[2018.12.01-07.06.09:823][277]LogModuleManager: Shutting down and abandoning module LocalizationService (495)
[2018.12.01-07.06.09:846][277]LogModuleManager: Shutting down and abandoning module HardwareTargeting (492)
[2018.12.01-07.06.09:846][277]LogModuleManager: Shutting down and abandoning module DeviceProfileEditor (490)
[2018.12.01-07.06.09:846][277]LogModuleManager: Shutting down and abandoning module UndoHistory (488)
[2018.12.01-07.06.09:866][277]LogModuleManager: Shutting down and abandoning module XmlParser (486)
[2018.12.01-07.06.09:866][277]LogModuleManager: Shutting down and abandoning module Blutility (484)
[2018.12.01-07.06.09:915][277]LogModuleManager: Shutting down and abandoning module ProjectSettingsViewer (482)
[2018.12.01-07.06.09:915][277]LogModuleManager: Shutting down and abandoning module ProjectTargetPlatformEditor (481)
[2018.12.01-07.06.09:915][277]LogModuleManager: Shutting down and abandoning module EditorSettingsViewer (478)
[2018.12.01-07.06.09:915][277]LogModuleManager: Shutting down and abandoning module SettingsEditor (476)
[2018.12.01-07.06.09:972][277]LogModuleManager: Shutting down and abandoning module ProjectLauncher (474)
[2018.12.01-07.06.10:015][277]LogModuleManager: Shutting down and abandoning module SessionFrontend (472)
[2018.12.01-07.06.10:115][277]LogModuleManager: Shutting down and abandoning module ProfilerClient (470)
[2018.12.01-07.06.10:132][277]LogModuleManager: Shutting down and abandoning module DeviceManager (468)
[2018.12.01-07.06.10:149][277]LogModuleManager: Shutting down and abandoning module TargetDeviceServices (467)
[2018.12.01-07.06.10:246][277]LogModuleManager: Shutting down and abandoning module AutomationController (464)
[2018.12.01-07.06.10:276][277]LogModuleManager: Shutting down and abandoning module AutomationWindow (462)
[2018.12.01-07.06.10:309][277]LogModuleManager: Shutting down and abandoning module Layers (460)
[2018.12.01-07.06.10:412][277]LogModuleManager: Shutting down and abandoning module ComponentVisualizers (458)
[2018.12.01-07.06.10:412][277]LogModuleManager: Shutting down and abandoning module DetailCustomizations (456)
[2018.12.01-07.06.10:488][277]LogModuleManager: Shutting down and abandoning module PackagesDialog (454)
[2018.12.01-07.06.10:489][277]LogModuleManager: Shutting down and abandoning module Persona (452)
[2018.12.01-07.06.10:582][277]LogModuleManager: Shutting down and abandoning module AdvancedPreviewScene (451)
[2018.12.01-07.06.10:582][277]LogModuleManager: Shutting down and abandoning module AnimGraph (449)
[2018.12.01-07.06.10:631][277]LogModuleManager: Shutting down and abandoning module Kismet (446)
[2018.12.01-07.06.10:775][277]LogModuleManager: Shutting down and abandoning module GraphEditor (444)
[2018.12.01-07.06.10:998][277]LogModuleManager: Shutting down and abandoning module ClassViewer (442)
[2018.12.01-07.06.10:998][277]LogModuleManager: Shutting down and abandoning module Toolbox (440)
[2018.12.01-07.06.10:998][277]LogModuleManager: Shutting down and abandoning module ModuleUI (438)
[2018.12.01-07.06.11:022][277]LogModuleManager: Shutting down and abandoning module MovieSceneTools (436)
[2018.12.01-07.06.11:050][277]LogModuleManager: Shutting down and abandoning module OutputLog (434)
[2018.12.01-07.06.11:050][277]LogModuleManager: Shutting down and abandoning module GammaUI (432)
[2018.12.01-07.06.11:058][277]LogModuleManager: Shutting down and abandoning module Documentation (430)
[2018.12.01-07.06.11:058][277]LogModuleManager: Shutting down and abandoning module MovieSceneTracks (428)
[2018.12.01-07.06.11:058][277]LogModuleManager: Shutting down and abandoning module MovieScene (426)
[2018.12.01-07.06.11:063][277]LogModuleManager: Shutting down and abandoning module StreamingPauseRendering (424)
[2018.12.01-07.06.11:067][277]LogModuleManager: Shutting down and abandoning module LauncherPlatform (422)
[2018.12.01-07.06.11:067][277]LogModuleManager: Shutting down and abandoning module AnalyticsET (420)
[2018.12.01-07.06.11:067][277]LogModuleManager: Shutting down and abandoning module PortalServices (418)
[2018.12.01-07.06.11:067][277]LogModuleManager: Shutting down and abandoning module PortalRpc (416)
[2018.12.01-07.06.11:067][277]LogModuleManager: Shutting down and abandoning module MessagingRpc (414)
[2018.12.01-07.06.11:067][277]LogModuleManager: Shutting down and abandoning module AIModule (412)
[2018.12.01-07.06.11:067][277]LogModuleManager: Shutting down and abandoning module GameplayDebugger (411)
[2018.12.01-07.06.11:067][277]LogModuleManager: Shutting down and abandoning module AITestSuite (409)
[2018.12.01-07.06.11:079][277]LogModuleManager: Shutting down and abandoning module NavigationSystem (407)
[2018.12.01-07.06.11:079][277]LogModuleManager: Shutting down and abandoning module DesktopPlatform (404)
[2018.12.01-07.06.11:079][277]LogModuleManager: Shutting down and abandoning module ProfilerService (402)
[2018.12.01-07.06.11:245][277]LogModuleManager: Shutting down and abandoning module TaskGraph (400)
[2018.12.01-07.06.11:255][277]LogModuleManager: Shutting down and abandoning module ProceduralMeshComponentEditor (398)
[2018.12.01-07.06.11:255][277]LogModuleManager: Shutting down and abandoning module ProceduralMeshComponent (396)
[2018.12.01-07.06.11:260][277]LogModuleManager: Shutting down and abandoning module OculusInput (394)
[2018.12.01-07.06.11:260][277]LogModuleManager: Shutting down and abandoning module MobilePatchingUtils (392)
[2018.12.01-07.06.11:260][277]LogModuleManager: Shutting down and abandoning module EditableMesh (390)
[2018.12.01-07.06.11:280][277]LogModuleManager: Shutting down and abandoning module CustomMeshComponent (388)
[2018.12.01-07.06.11:280][277]LogModuleManager: Shutting down and abandoning module CableComponent (386)
[2018.12.01-07.06.11:280][277]LogModuleManager: Shutting down and abandoning module AudioCapture (384)
[2018.12.01-07.06.11:280][277]LogModuleManager: Shutting down and abandoning module ArchVisCharacter (382)
[2018.12.01-07.06.11:280][277]LogModuleManager: Shutting down and abandoning module AndroidPermission (380)
[2018.12.01-07.06.11:280][277]LogModuleManager: Shutting down and abandoning module NUTUnrealEngine4 (378)
[2018.12.01-07.06.11:280][277]LogModuleManager: Shutting down and abandoning module NetcodeUnitTest (376)
[2018.12.01-07.06.11:312][277]LogModuleManager: Shutting down and abandoning module MediaCompositingEditor (374)
[2018.12.01-07.06.11:312][277]LogModuleManager: Shutting down and abandoning module MediaCompositing (372)
[2018.12.01-07.06.11:312][277]LogModuleManager: Shutting down and abandoning module LinearTimecode (370)
[2018.12.01-07.06.11:312][277]LogModuleManager: Shutting down and abandoning module ImgMedia (368)
[2018.12.01-07.06.11:327][277]LogModuleManager: Shutting down and abandoning module HTML5Networking (366)
[2018.12.01-07.06.11:327][277]LogModuleManager: Shutting down and abandoning module GeometryCacheTracks (364)
[2018.12.01-07.06.11:327][277]LogModuleManager: Shutting down and abandoning module GeometryCacheSequencer (362)
[2018.12.01-07.06.11:327][277]LogModuleManager: Shutting down and abandoning module BackChannel (360)
[2018.12.01-07.06.11:346][277]LogModuleManager: Shutting down and abandoning module AppleVision (358)
[2018.12.01-07.06.11:346][277]LogModuleManager: Shutting down and abandoning module AppleImageUtils (356)
[2018.12.01-07.06.11:346][277]LogModuleManager: Shutting down and abandoning module AlembicImporter (354)
[2018.12.01-07.06.11:346][277]LogModuleManager: Shutting down and abandoning module AlembicLibrary (353)
[2018.12.01-07.06.11:346][277]LogModuleManager: Shutting down and abandoning module GeometryCache (352)
[2018.12.01-07.06.11:346][277]LogModuleManager: Shutting down and abandoning module GeometryCacheEd (351)
[2018.12.01-07.06.11:346][277]LogModuleManager: Shutting down and abandoning module DatasmithContentEditor (346)
[2018.12.01-07.06.11:351][277]LogModuleManager: Shutting down and abandoning module DatasmithContent (344)
[2018.12.01-07.06.11:352][277]LogModuleManager: Shutting down and abandoning module SpeedTreeImporter (342)
[2018.12.01-07.06.11:352][277]LogModuleManager: Shutting down and abandoning module PluginBrowser (340)
[2018.12.01-07.06.11:369][277]LogModuleManager: Shutting down and abandoning module MobileLauncherProfileWizard (338)
[2018.12.01-07.06.11:381][277]LogModuleManager: Shutting down and abandoning module PolygonModeling (336)
[2018.12.01-07.06.11:381][277]LogModuleManager: Shutting down and abandoning module MeshEditor (334)
[2018.12.01-07.06.11:389][277]LogModuleManager: Shutting down and abandoning module CryptoKeysOpenSSL (332)
[2018.12.01-07.06.11:398][277]LogModuleManager: Shutting down and abandoning module CryptoKeys (330)
[2018.12.01-07.06.11:398][277]LogModuleManager: Shutting down and abandoning module VisualStudioSourceCodeAccess (328)
[2018.12.01-07.06.11:398][277]LogModuleManager: Shutting down and abandoning module VisualStudioCodeSourceCodeAccess (326)
[2018.12.01-07.06.11:398][277]LogModuleManager: Shutting down and abandoning module UObjectPlugin (324)
[2018.12.01-07.06.11:398][277]LogModuleManager: Shutting down and abandoning module SubversionSourceControl (322)
[2018.12.01-07.06.11:408][277]LogModuleManager: Shutting down and abandoning module PerforceSourceControl (320)
[2018.12.01-07.06.11:483][277]LogModuleManager: Shutting down and abandoning module GitSourceControl (318)
[2018.12.01-07.06.11:538][277]LogModuleManager: Shutting down and abandoning module SourceControl (317)
[2018.12.01-07.06.11:538][277]LogModuleManager: Shutting down and abandoning module CLionSourceCodeAccess (314)
[2018.12.01-07.06.11:538][277]LogModuleManager: Shutting down and abandoning module LightPropagationVolumeEditor (312)
[2018.12.01-07.06.11:538][277]LogModuleManager: Shutting down and abandoning module PaperTiledImporter (310)
[2018.12.01-07.06.11:538][277]LogModuleManager: Shutting down and abandoning module PaperSpriteSheetImporter (308)
[2018.12.01-07.06.11:538][277]LogModuleManager: Shutting down and abandoning module Paper2DEditor (306)
[2018.12.01-07.06.11:551][277]LogModuleManager: Shutting down and abandoning module MeshPaint (305)
[2018.12.01-07.06.11:562][277]LogModuleManager: Shutting down and abandoning module RuntimePhysXCooking (302)
[2018.12.01-07.06.11:562][277]LogModuleManager: Shutting down and abandoning module PhysXVehiclesEditor (300)
[2018.12.01-07.06.11:562][277]LogModuleManager: Shutting down and abandoning module PhysXVehicles (298)
[2018.12.01-07.06.11:562][277]LogModuleManager: Shutting down and abandoning module OculusEditor (296)
[2018.12.01-07.06.11:569][277]LogModuleManager: Shutting down and abandoning module LocationServicesBPLibrary (294)
[2018.12.01-07.06.11:570][277]LogModuleManager: Shutting down and abandoning module ImmediatePhysicsEditor (292)
[2018.12.01-07.06.11:570][277]LogModuleManager: Shutting down and abandoning module ImmediatePhysics (290)
[2018.12.01-07.06.11:581][277]LogModuleManager: Shutting down and abandoning module ApexDestructionEditor (288)
[2018.12.01-07.06.11:632][277]LogModuleManager: Shutting down and abandoning module ApexDestruction (286)
[2018.12.01-07.06.11:649][277]LogModuleManager: Shutting down and abandoning module ActorSequence (284)
[2018.12.01-07.06.11:649][277]LogModuleManager: Shutting down and abandoning module UdpMessaging (282)
[2018.12.01-07.06.11:750][277]LogModuleManager: Shutting down and abandoning module TcpMessaging (280)
[2018.12.01-07.06.11:862][277]LogModuleManager: Shutting down and abandoning module MagicLeapAudio (278)
[2018.12.01-07.06.11:862][277]LogModuleManager: Shutting down and abandoning module GameplayTagsEditor (276)
[2018.12.01-07.06.11:875][277]LogModuleManager: Shutting down and abandoning module FacialAnimationEditor (274)
[2018.12.01-07.06.11:875][277]LogModuleManager: Shutting down and abandoning module FacialAnimation (272)
[2018.12.01-07.06.11:875][277]LogModuleManager: Shutting down and abandoning module DataValidation (270)
[2018.12.01-07.06.11:875][277]LogModuleManager: Shutting down and abandoning module AssetManagerEditor (268)
[2018.12.01-07.06.11:885][277]LogModuleManager: Shutting down and abandoning module LevelEditor (267)
[2018.12.01-07.06.11:911][277]LogModuleManager: Shutting down and abandoning module PixelInspectorModule (266)
[2018.12.01-07.06.11:919][277]LogModuleManager: Shutting down and abandoning module CommonMenuExtensions (264)
[2018.12.01-07.06.11:919][277]LogModuleManager: Shutting down and abandoning module MainFrame (262)
[2018.12.01-07.06.11:926][277]LogModuleManager: Shutting down and abandoning module HotReload (261)
[2018.12.01-07.06.11:931][277]LogModuleManager: Shutting down and abandoning module ContentBrowser (257)
[2018.12.01-07.06.11:939][277]LogModuleManager: Shutting down and abandoning module TreeMap (255)
[2018.12.01-07.06.11:946][277]LogModuleManager: Shutting down and abandoning module LightPropagationVolumeRuntime (252)
[2018.12.01-07.06.11:946][277]LogModuleManager: Shutting down and abandoning module AISupportModule (250)
[2018.12.01-07.06.11:946][277]LogModuleManager: Shutting down and abandoning module Paper2D (248)
[2018.12.01-07.06.11:957][277]LogModuleManager: Shutting down and abandoning module WindowsMoviePlayer (246)
[2018.12.01-07.06.11:965][277]LogModuleManager: Shutting down and abandoning module WmfMedia (244)
[2018.12.01-07.06.11:979][277]LogModuleManager: Shutting down and abandoning module Media (243)
[2018.12.01-07.06.11:985][277]LogModuleManager: Shutting down and abandoning module PacketHandler (240)
[2018.12.01-07.06.11:985][277]LogModuleManager: Shutting down and abandoning module ClothingSystemEditor (238)
[2018.12.01-07.06.11:985][277]LogModuleManager: Shutting down and abandoning module ClothingSystemRuntime (236)
[2018.12.01-07.06.11:997][277]LogModuleManager: Shutting down and abandoning module MediaAssets (234)
[2018.12.01-07.06.11:997][277]LogModuleManager: Shutting down and abandoning module Overlay (232)
[2018.12.01-07.06.11:997][277]LogModuleManager: Shutting down and abandoning module OverlayEditor (231)
[2018.12.01-07.06.11:997][277]LogModuleManager: Shutting down and abandoning module EnvironmentQueryEditor (228)
[2018.12.01-07.06.12:007][277]LogModuleManager: Shutting down and abandoning module VREditor (226)
[2018.12.01-07.06.12:017][277]LogModuleManager: Shutting down and abandoning module StringTableEditor (224)
[2018.12.01-07.06.12:083][277]LogModuleManager: Shutting down and abandoning module GameplayTasksEditor (222)
[2018.12.01-07.06.12:083][277]LogModuleManager: Shutting down and abandoning module BehaviorTreeEditor (220)
[2018.12.01-07.06.12:100][277]LogModuleManager: Shutting down and abandoning module FunctionalTesting (218)
[2018.12.01-07.06.12:110][277]LogModuleManager: Shutting down and abandoning module CollisionAnalyzer (216)
[2018.12.01-07.06.12:130][277]LogModuleManager: Shutting down and abandoning module WorkspaceMenuStructure (215)
[2018.12.01-07.06.12:130][277]LogModuleManager: Shutting down and abandoning module UMG (212)
[2018.12.01-07.06.12:130][277]LogModuleManager: Shutting down and abandoning module UMGEditor (211)
[2018.12.01-07.06.12:141][277]LogModuleManager: Shutting down and abandoning module Sequencer (210)
[2018.12.01-07.06.12:170][277]LogModuleManager: Shutting down and abandoning module MessageLog (207)
[2018.12.01-07.06.12:170][277]LogModuleManager: Shutting down and abandoning module SlateReflector (202)
[2018.12.01-07.06.12:197][277]LogModuleManager: Shutting down and abandoning module Slate (200)
[2018.12.01-07.06.12:197][277]LogModuleManager: Shutting down and abandoning module EditorStyle (198)
[2018.12.01-07.06.12:199][277]LogModuleManager: Shutting down and abandoning module MRMesh (196)
[2018.12.01-07.06.12:318][277]LogModuleManager: Shutting down and abandoning module SourceCodeAccess (194)
[2018.12.01-07.06.12:318][277]LogModuleManager: Shutting down and abandoning module HeadMountedDisplay (192)
[2018.12.01-07.06.12:319][277]LogModuleManager: Shutting down and abandoning module XAudio2 (190)
[2018.12.01-07.06.12:319][277]LogModuleManager: Shutting down and abandoning module Networking (188)
[2018.12.01-07.06.12:319][277]LogModuleManager: Shutting down and abandoning module Core (186)
[2018.12.01-07.06.12:319][277]LogModuleManager: Shutting down and abandoning module LevelSequence (184)
[2018.12.01-07.06.12:319][277]LogModuleManager: Shutting down and abandoning module KismetCompiler (182)
[2018.12.01-07.06.12:319][277]LogModuleManager: Shutting down and abandoning module MeshUtilities (180)
[2018.12.01-07.06.12:330][277]LogModuleManager: Shutting down and abandoning module MeshMergeUtilities (179)
[2018.12.01-07.06.12:334][277]LogModuleManager: Shutting down and abandoning module MeshReductionInterface (178)
[2018.12.01-07.06.12:334][277]LogModuleManager: Shutting down and abandoning module SimplygonSwarm (177)
[2018.12.01-07.06.12:340][277]LogModuleManager: Shutting down and abandoning module ProxyLODMeshReduction (175)
[2018.12.01-07.06.12:360][277]LogModuleManager: Shutting down and abandoning module SimplygonMeshReduction (173)
[2018.12.01-07.06.12:360][277]LogModuleManager: Shutting down and abandoning module QuadricMeshReduction (171)
[2018.12.01-07.06.12:373][277]LogModuleManager: Shutting down and abandoning module MaterialBaking (167)
[2018.12.01-07.06.12:378][277]LogModuleManager: Shutting down and abandoning module DirectoryWatcher (163)
[2018.12.01-07.06.12:378][277]LogModuleManager: Shutting down and abandoning module DerivedDataCache (160)
[2018.12.01-07.06.12:437][277]LogDerivedDataCache: Shutdown
[2018.12.01-07.06.12:437][277]LogModuleManager: Shutting down and abandoning module XGEController (158)
[2018.12.01-07.06.12:437][277]LogXGEController: Cleaning working directory: C:/Users/kai/AppData/Local/Temp/UnrealXGEWorkingDir/
[2018.12.01-07.06.12:447][277]LogModuleManager: Shutting down and abandoning module TargetPlatform (156)
[2018.12.01-07.06.12:447][277]LogModuleManager: Shutting down and abandoning module VulkanShaderFormat (155)
[2018.12.01-07.06.12:452][277]LogModuleManager: Shutting down and abandoning module ShaderFormatVectorVM (153)
[2018.12.01-07.06.12:458][277]LogModuleManager: Shutting down and abandoning module ShaderFormatOpenGL (151)
[2018.12.01-07.06.12:461][277]LogModuleManager: Shutting down and abandoning module ShaderFormatD3D (149)
[2018.12.01-07.06.12:461][277]LogModuleManager: Shutting down and abandoning module MetalShaderFormat (147)
[2018.12.01-07.06.12:489][277]LogModuleManager: Shutting down and abandoning module TextureFormatUncompressed (145)
[2018.12.01-07.06.12:489][277]LogModuleManager: Shutting down and abandoning module TextureFormatPVR (143)
[2018.12.01-07.06.12:489][277]LogModuleManager: Shutting down and abandoning module TextureFormatDXT (141)
[2018.12.01-07.06.12:513][277]LogModuleManager: Shutting down and abandoning module TextureFormatIntelISPCTexComp (139)
[2018.12.01-07.06.12:534][277]LogModuleManager: Shutting down and abandoning module TextureFormatASTC (137)
[2018.12.01-07.06.12:534][277]LogModuleManager: Shutting down and abandoning module ImageWrapper (136)
[2018.12.01-07.06.12:534][277]LogModuleManager: Shutting down and abandoning module TextureFormatAndroid (133)
[2018.12.01-07.06.12:534][277]LogModuleManager: Shutting down and abandoning module AudioFormatOpus (131)
[2018.12.01-07.06.12:534][277]LogModuleManager: Shutting down and abandoning module AudioFormatOgg (129)
[2018.12.01-07.06.12:534][277]LogModuleManager: Shutting down and abandoning module AudioFormatADPCM (127)
[2018.12.01-07.06.12:534][277]LogModuleManager: Shutting down and abandoning module LuminTargetPlatform (125)
[2018.12.01-07.06.12:534][277]LogModuleManager: Shutting down and abandoning module LinuxTargetPlatform (123)
[2018.12.01-07.06.12:534][277]LogModuleManager: Shutting down and abandoning module LinuxServerTargetPlatform (121)
[2018.12.01-07.06.12:534][277]LogModuleManager: Shutting down and abandoning module LinuxNoEditorTargetPlatform (119)
[2018.12.01-07.06.12:537][277]LogModuleManager: Shutting down and abandoning module LinuxClientTargetPlatform (117)
[2018.12.01-07.06.12:542][277]LogModuleManager: Shutting down and abandoning module TVOSTargetPlatform (115)
[2018.12.01-07.06.12:543][277]LogModuleManager: Shutting down and abandoning module Messaging (113)
[2018.12.01-07.06.12:543][277]LogModuleManager: Shutting down and abandoning module IOSTargetPlatform (111)
[2018.12.01-07.06.12:543][277]LogModuleManager: Shutting down and abandoning module HTML5TargetPlatform (109)
[2018.12.01-07.06.12:543][277]LogModuleManager: Shutting down and abandoning module AndroidTargetPlatform (107)
[2018.12.01-07.06.12:568][277]LogModuleManager: Shutting down and abandoning module WindowsTargetPlatform (105)
[2018.12.01-07.06.12:568][277]LogModuleManager: Shutting down and abandoning module WindowsServerTargetPlatform (103)
[2018.12.01-07.06.12:568][277]LogModuleManager: Shutting down and abandoning module WindowsNoEditorTargetPlatform (101)
[2018.12.01-07.06.12:568][277]LogModuleManager: Shutting down and abandoning module WindowsClientTargetPlatform (99)
[2018.12.01-07.06.12:568][277]LogModuleManager: Shutting down and abandoning module MacTargetPlatform (97)
[2018.12.01-07.06.12:568][277]LogModuleManager: Shutting down and abandoning module MacServerTargetPlatform (95)
[2018.12.01-07.06.12:568][277]LogModuleManager: Shutting down and abandoning module MacNoEditorTargetPlatform (93)
[2018.12.01-07.06.12:568][277]LogModuleManager: Shutting down and abandoning module MacClientTargetPlatform (91)
[2018.12.01-07.06.12:568][277]LogModuleManager: Shutting down and abandoning module AllDesktopTargetPlatform (89)
[2018.12.01-07.06.12:568][277]LogModuleManager: Shutting down and abandoning module InputCore (86)
[2018.12.01-07.06.12:568][277]LogModuleManager: Shutting down and abandoning module Settings (84)
[2018.12.01-07.06.12:568][277]LogModuleManager: Shutting down and abandoning module PhysXCooking (82)
[2018.12.01-07.06.12:568][277]LogModuleManager: Shutting down and abandoning module OculusHMD (80)
[2018.12.01-07.06.12:587][277]LogModuleManager: Shutting down and abandoning module ExampleDeviceProfileSelector (78)
[2018.12.01-07.06.12:587][277]LogModuleManager: Shutting down and abandoning module LauncherChunkInstaller (76)
[2018.12.01-07.06.12:587][277]LogModuleManager: Shutting down and abandoning module OnlineBlueprintSupport (74)
[2018.12.01-07.06.12:587][277]LogModuleManager: Shutting down and abandoning module OnlineSubsystem (70)
[2018.12.01-07.06.12:596][277]LogModuleManager: Shutting down and abandoning module XMPP (65)
[2018.12.01-07.06.12:623][277]LogModuleManager: Shutting down and abandoning module WebSockets (64)
[2018.12.01-07.06.12:676][277]LogModuleManager: Shutting down and abandoning module HTTP (61)
[2018.12.01-07.06.12:683][277]LogHttp: Display: Http module shutting down, but needs to wait on 1 outstanding Http requests:
[2018.12.01-07.06.12:683][277]LogHttp: Display: 	verb=[POST] url=[https://datarouter.ol.epicgames.com/datarouter/api/v1/public/data?SessionID=%7BFE415468-40E0-0CDC-ACD0-42B4BB2AABB0%7D&AppID=UEEditor.Rocket.Release&AppVersion=4.20.3-4369336%2B%2B%2BUE4%2BRelease-4.20&UserID=76e0a7174ccd410ed356959a6a4e6fa8%7C89f8860b1a294d7fa434d460e5891d40%7C1ba92aee-c584-4868-ba2e-cb950b2334eb&AppEnvironment=datacollector-binary&UploadType=eteventstream] status=Processing
[2018.12.01-07.06.12:711][277]LogModuleManager: Shutting down and abandoning module SSL (60)
[2018.12.01-07.06.12:720][277]LogModuleManager: Shutting down and abandoning module MagicLeapEmulator (56)
[2018.12.01-07.06.12:720][277]LogModuleManager: Shutting down and abandoning module MagicLeapPrivileges (54)
[2018.12.01-07.06.12:720][277]LogModuleManager: Shutting down and abandoning module MagicLeapIdentity (52)
[2018.12.01-07.06.12:720][277]LogModuleManager: Shutting down and abandoning module MagicLeapHelperVulkan (50)
[2018.12.01-07.06.12:720][277]LogModuleManager: Shutting down and abandoning module MagicLeapHelperOpenGL (48)
[2018.12.01-07.06.12:720][277]LogModuleManager: Shutting down and abandoning module MagicLeapSecureStorage (46)
[2018.12.01-07.06.12:720][277]LogModuleManager: Shutting down and abandoning module MagicLeapGestures (44)
[2018.12.01-07.06.12:720][277]LogModuleManager: Shutting down and abandoning module MagicLeapEyeTracker (42)
[2018.12.01-07.06.12:720][277]LogModuleManager: Shutting down and abandoning module MagicLeapController (40)
[2018.12.01-07.06.12:720][277]LogSlate: Slate User Destroyed.  User Index 0, Is Virtual User: 0
[2018.12.01-07.06.12:720][277]LogModuleManager: Shutting down and abandoning module MagicLeap (38)
[2018.12.01-07.06.12:720][277]LogModuleManager: Shutting down and abandoning module AnimationModifiers (36)
[2018.12.01-07.06.12:754][277]LogModuleManager: Shutting down and abandoning module PropertyEditor (35)
[2018.12.01-07.06.12:761][277]LogModuleManager: Shutting down and abandoning module AudioEditor (32)
[2018.12.01-07.06.12:790][277]LogModuleManager: Shutting down and abandoning module TextureCompressor (30)
[2018.12.01-07.06.12:794][277]LogModuleManager: Shutting down and abandoning module ShaderCore (28)
[2018.12.01-07.06.12:794][277]LogModuleManager: Shutting down and abandoning module Landscape (26)
[2018.12.01-07.06.12:794][277]LogModuleManager: Shutting down and abandoning module SlateRHIRenderer (24)
[2018.12.01-07.06.12:799][277]LogModuleManager: Shutting down and abandoning module OpenGLDrv (22)
[2018.12.01-07.06.12:810][277]LogModuleManager: Shutting down and abandoning module D3D11RHI (20)
[2018.12.01-07.06.12:810][277]LogModuleManager: Shutting down and abandoning module AnimGraphRuntime (18)
[2018.12.01-07.06.12:810][277]LogModuleManager: Shutting down and abandoning module Renderer (16)
[2018.12.01-07.06.12:811][277]LogModuleManager: Shutting down and abandoning module Engine (14)
[2018.12.01-07.06.12:811][277]LogModuleManager: Shutting down and abandoning module CoreUObject (12)
[2018.12.01-07.06.12:811][277]LogModuleManager: Shutting down and abandoning module NetworkFile (10)
[2018.12.01-07.06.12:817][277]LogModuleManager: Shutting down and abandoning module CookedIterativeFile (8)
[2018.12.01-07.06.12:817][277]LogModuleManager: Shutting down and abandoning module StreamingFile (6)
[2018.12.01-07.06.12:825][277]LogModuleManager: Shutting down and abandoning module SandboxFile (4)
[2018.12.01-07.06.12:825][277]LogModuleManager: Shutting down and abandoning module PakFile (2)
[2018.12.01-07.06.12:864][277]LogExit: Exiting.
[2018.12.01-07.06.12:867][277]Log file closed, 12/01/18 16:06:12
